ARM GAS  /tmp/cc0YqjXX.s 			page 1


   1              		.cpu cortex-m7
   2              		.eabi_attribute 27, 1
   3              		.eabi_attribute 28, 1
   4              		.eabi_attribute 20, 1
   5              		.eabi_attribute 21, 1
   6              		.eabi_attribute 23, 3
   7              		.eabi_attribute 24, 1
   8              		.eabi_attribute 25, 1
   9              		.eabi_attribute 26, 1
  10              		.eabi_attribute 30, 1
  11              		.eabi_attribute 34, 1
  12              		.eabi_attribute 18, 4
  13              		.file	"stm32f7xx_it.c"
  14              		.text
  15              	.Ltext0:
  16              		.cfi_sections	.debug_frame
  17              		.section	.text.NMI_Handler,"ax",%progbits
  18              		.align	1
  19              		.global	NMI_Handler
  20              		.syntax unified
  21              		.thumb
  22              		.thumb_func
  23              		.fpu fpv5-sp-d16
  25              	NMI_Handler:
  26              	.LFB141:
  27              		.file 1 "Src/stm32f7xx_it.c"
   1:Src/stm32f7xx_it.c **** /* USER CODE BEGIN Header */
   2:Src/stm32f7xx_it.c **** /**
   3:Src/stm32f7xx_it.c ****   ******************************************************************************
   4:Src/stm32f7xx_it.c ****   * @file    stm32f7xx_it.c
   5:Src/stm32f7xx_it.c ****   * @brief   Interrupt Service Routines.
   6:Src/stm32f7xx_it.c ****   ******************************************************************************
   7:Src/stm32f7xx_it.c ****   *
   8:Src/stm32f7xx_it.c ****   * COPYRIGHT(c) 2019 STMicroelectronics
   9:Src/stm32f7xx_it.c ****   *
  10:Src/stm32f7xx_it.c ****   * Redistribution and use in source and binary forms, with or without modification,
  11:Src/stm32f7xx_it.c ****   * are permitted provided that the following conditions are met:
  12:Src/stm32f7xx_it.c ****   *   1. Redistributions of source code must retain the above copyright notice,
  13:Src/stm32f7xx_it.c ****   *      this list of conditions and the following disclaimer.
  14:Src/stm32f7xx_it.c ****   *   2. Redistributions in binary form must reproduce the above copyright notice,
  15:Src/stm32f7xx_it.c ****   *      this list of conditions and the following disclaimer in the documentation
  16:Src/stm32f7xx_it.c ****   *      and/or other materials provided with the distribution.
  17:Src/stm32f7xx_it.c ****   *   3. Neither the name of STMicroelectronics nor the names of its contributors
  18:Src/stm32f7xx_it.c ****   *      may be used to endorse or promote products derived from this software
  19:Src/stm32f7xx_it.c ****   *      without specific prior written permission.
  20:Src/stm32f7xx_it.c ****   *
  21:Src/stm32f7xx_it.c ****   * THIS SOFTWARE IS PROVIDED BY THE COPYRIGHT HOLDERS AND CONTRIBUTORS "AS IS"
  22:Src/stm32f7xx_it.c ****   * AND ANY EXPRESS OR IMPLIED WARRANTIES, INCLUDING, BUT NOT LIMITED TO, THE
  23:Src/stm32f7xx_it.c ****   * IMPLIED WARRANTIES OF MERCHANTABILITY AND FITNESS FOR A PARTICULAR PURPOSE ARE
  24:Src/stm32f7xx_it.c ****   * DISCLAIMED. IN NO EVENT SHALL THE COPYRIGHT HOLDER OR CONTRIBUTORS BE LIABLE
  25:Src/stm32f7xx_it.c ****   * FOR ANY DIRECT, INDIRECT, INCIDENTAL, SPECIAL, EXEMPLARY, OR CONSEQUENTIAL
  26:Src/stm32f7xx_it.c ****   * DAMAGES (INCLUDING, BUT NOT LIMITED TO, PROCUREMENT OF SUBSTITUTE GOODS OR
  27:Src/stm32f7xx_it.c ****   * SERVICES; LOSS OF USE, DATA, OR PROFITS; OR BUSINESS INTERRUPTION) HOWEVER
  28:Src/stm32f7xx_it.c ****   * CAUSED AND ON ANY THEORY OF LIABILITY, WHETHER IN CONTRACT, STRICT LIABILITY,
  29:Src/stm32f7xx_it.c ****   * OR TORT (INCLUDING NEGLIGENCE OR OTHERWISE) ARISING IN ANY WAY OUT OF THE USE
  30:Src/stm32f7xx_it.c ****   * OF THIS SOFTWARE, EVEN IF ADVISED OF THE POSSIBILITY OF SUCH DAMAGE.
  31:Src/stm32f7xx_it.c ****   *
ARM GAS  /tmp/cc0YqjXX.s 			page 2


  32:Src/stm32f7xx_it.c ****   ******************************************************************************
  33:Src/stm32f7xx_it.c ****   */
  34:Src/stm32f7xx_it.c **** /* USER CODE END Header */
  35:Src/stm32f7xx_it.c **** 
  36:Src/stm32f7xx_it.c **** /* Includes ------------------------------------------------------------------*/
  37:Src/stm32f7xx_it.c **** #include "main.h"
  38:Src/stm32f7xx_it.c **** #include "stm32f7xx_it.h"
  39:Src/stm32f7xx_it.c **** /* Private includes ----------------------------------------------------------*/
  40:Src/stm32f7xx_it.c **** /* USER CODE BEGIN Includes */
  41:Src/stm32f7xx_it.c **** /* USER CODE END Includes */
  42:Src/stm32f7xx_it.c ****   
  43:Src/stm32f7xx_it.c **** /* Private typedef -----------------------------------------------------------*/
  44:Src/stm32f7xx_it.c **** /* USER CODE BEGIN TD */
  45:Src/stm32f7xx_it.c **** 
  46:Src/stm32f7xx_it.c **** /* USER CODE END TD */
  47:Src/stm32f7xx_it.c **** 
  48:Src/stm32f7xx_it.c **** /* Private define ------------------------------------------------------------*/
  49:Src/stm32f7xx_it.c **** /* USER CODE BEGIN PD */
  50:Src/stm32f7xx_it.c ****  
  51:Src/stm32f7xx_it.c **** /* USER CODE END PD */
  52:Src/stm32f7xx_it.c **** 
  53:Src/stm32f7xx_it.c **** /* Private macro -------------------------------------------------------------*/
  54:Src/stm32f7xx_it.c **** /* USER CODE BEGIN PM */
  55:Src/stm32f7xx_it.c **** 
  56:Src/stm32f7xx_it.c **** /* USER CODE END PM */
  57:Src/stm32f7xx_it.c **** 
  58:Src/stm32f7xx_it.c **** /* Private variables ---------------------------------------------------------*/
  59:Src/stm32f7xx_it.c **** /* USER CODE BEGIN PV */
  60:Src/stm32f7xx_it.c **** 
  61:Src/stm32f7xx_it.c **** /* USER CODE END PV */
  62:Src/stm32f7xx_it.c **** 
  63:Src/stm32f7xx_it.c **** /* Private function prototypes -----------------------------------------------*/
  64:Src/stm32f7xx_it.c **** /* USER CODE BEGIN PFP */
  65:Src/stm32f7xx_it.c **** 
  66:Src/stm32f7xx_it.c **** /* USER CODE END PFP */
  67:Src/stm32f7xx_it.c **** 
  68:Src/stm32f7xx_it.c **** /* Private user code ---------------------------------------------------------*/
  69:Src/stm32f7xx_it.c **** /* USER CODE BEGIN 0 */
  70:Src/stm32f7xx_it.c **** 
  71:Src/stm32f7xx_it.c **** /* USER CODE END 0 */
  72:Src/stm32f7xx_it.c **** 
  73:Src/stm32f7xx_it.c **** /* External variables --------------------------------------------------------*/
  74:Src/stm32f7xx_it.c **** extern PCD_HandleTypeDef hpcd_USB_OTG_FS;
  75:Src/stm32f7xx_it.c **** extern TIM_HandleTypeDef htim2;
  76:Src/stm32f7xx_it.c **** /* USER CODE BEGIN EV */
  77:Src/stm32f7xx_it.c **** 
  78:Src/stm32f7xx_it.c **** /* USER CODE END EV */
  79:Src/stm32f7xx_it.c **** 
  80:Src/stm32f7xx_it.c **** /******************************************************************************/
  81:Src/stm32f7xx_it.c **** /*           Cortex-M7 Processor Interruption and Exception Handlers          */ 
  82:Src/stm32f7xx_it.c **** /******************************************************************************/
  83:Src/stm32f7xx_it.c **** /**
  84:Src/stm32f7xx_it.c ****   * @brief This function handles Non maskable interrupt.
  85:Src/stm32f7xx_it.c ****   */
  86:Src/stm32f7xx_it.c **** void NMI_Handler(void)
  87:Src/stm32f7xx_it.c **** {
  28              		.loc 1 87 0
ARM GAS  /tmp/cc0YqjXX.s 			page 3


  29              		.cfi_startproc
  30              		@ args = 0, pretend = 0, frame = 0
  31              		@ frame_needed = 0, uses_anonymous_args = 0
  32              		@ link register save eliminated.
  33 0000 7047     		bx	lr
  34              		.cfi_endproc
  35              	.LFE141:
  37              		.section	.text.HardFault_Handler,"ax",%progbits
  38              		.align	1
  39              		.global	HardFault_Handler
  40              		.syntax unified
  41              		.thumb
  42              		.thumb_func
  43              		.fpu fpv5-sp-d16
  45              	HardFault_Handler:
  46              	.LFB142:
  88:Src/stm32f7xx_it.c ****   /* USER CODE BEGIN NonMaskableInt_IRQn 0 */
  89:Src/stm32f7xx_it.c **** 
  90:Src/stm32f7xx_it.c ****   /* USER CODE END NonMaskableInt_IRQn 0 */
  91:Src/stm32f7xx_it.c ****   /* USER CODE BEGIN NonMaskableInt_IRQn 1 */
  92:Src/stm32f7xx_it.c **** 
  93:Src/stm32f7xx_it.c ****   /* USER CODE END NonMaskableInt_IRQn 1 */
  94:Src/stm32f7xx_it.c **** }
  95:Src/stm32f7xx_it.c **** 
  96:Src/stm32f7xx_it.c **** /**
  97:Src/stm32f7xx_it.c ****   * @brief This function handles Hard fault interrupt.
  98:Src/stm32f7xx_it.c ****   */
  99:Src/stm32f7xx_it.c **** void HardFault_Handler(void)
 100:Src/stm32f7xx_it.c **** {
  47              		.loc 1 100 0
  48              		.cfi_startproc
  49              		@ Volatile: function does not return.
  50              		@ args = 0, pretend = 0, frame = 0
  51              		@ frame_needed = 0, uses_anonymous_args = 0
  52              		@ link register save eliminated.
  53              	.L3:
  54 0000 FEE7     		b	.L3
  55              		.cfi_endproc
  56              	.LFE142:
  58              		.section	.text.MemManage_Handler,"ax",%progbits
  59              		.align	1
  60              		.global	MemManage_Handler
  61              		.syntax unified
  62              		.thumb
  63              		.thumb_func
  64              		.fpu fpv5-sp-d16
  66              	MemManage_Handler:
  67              	.LFB143:
 101:Src/stm32f7xx_it.c ****   /* USER CODE BEGIN HardFault_IRQn 0 */
 102:Src/stm32f7xx_it.c **** 
 103:Src/stm32f7xx_it.c ****   /* USER CODE END HardFault_IRQn 0 */
 104:Src/stm32f7xx_it.c ****   while (1)
 105:Src/stm32f7xx_it.c ****   {
 106:Src/stm32f7xx_it.c ****     /* USER CODE BEGIN W1_HardFault_IRQn 0 */
 107:Src/stm32f7xx_it.c ****     /* USER CODE END W1_HardFault_IRQn 0 */
 108:Src/stm32f7xx_it.c ****   }
 109:Src/stm32f7xx_it.c **** }
ARM GAS  /tmp/cc0YqjXX.s 			page 4


 110:Src/stm32f7xx_it.c **** 
 111:Src/stm32f7xx_it.c **** /**
 112:Src/stm32f7xx_it.c ****   * @brief This function handles Memory management fault.
 113:Src/stm32f7xx_it.c ****   */
 114:Src/stm32f7xx_it.c **** void MemManage_Handler(void)
 115:Src/stm32f7xx_it.c **** {
  68              		.loc 1 115 0
  69              		.cfi_startproc
  70              		@ Volatile: function does not return.
  71              		@ args = 0, pretend = 0, frame = 0
  72              		@ frame_needed = 0, uses_anonymous_args = 0
  73              		@ link register save eliminated.
  74              	.L5:
  75 0000 FEE7     		b	.L5
  76              		.cfi_endproc
  77              	.LFE143:
  79              		.section	.text.BusFault_Handler,"ax",%progbits
  80              		.align	1
  81              		.global	BusFault_Handler
  82              		.syntax unified
  83              		.thumb
  84              		.thumb_func
  85              		.fpu fpv5-sp-d16
  87              	BusFault_Handler:
  88              	.LFB144:
 116:Src/stm32f7xx_it.c ****   /* USER CODE BEGIN MemoryManagement_IRQn 0 */
 117:Src/stm32f7xx_it.c **** 
 118:Src/stm32f7xx_it.c ****   /* USER CODE END MemoryManagement_IRQn 0 */
 119:Src/stm32f7xx_it.c ****   while (1)
 120:Src/stm32f7xx_it.c ****   {
 121:Src/stm32f7xx_it.c ****     /* USER CODE BEGIN W1_MemoryManagement_IRQn 0 */
 122:Src/stm32f7xx_it.c ****     /* USER CODE END W1_MemoryManagement_IRQn 0 */
 123:Src/stm32f7xx_it.c ****   }
 124:Src/stm32f7xx_it.c **** }
 125:Src/stm32f7xx_it.c **** 
 126:Src/stm32f7xx_it.c **** /**
 127:Src/stm32f7xx_it.c ****   * @brief This function handles Pre-fetch fault, memory access fault.
 128:Src/stm32f7xx_it.c ****   */
 129:Src/stm32f7xx_it.c **** void BusFault_Handler(void)
 130:Src/stm32f7xx_it.c **** {
  89              		.loc 1 130 0
  90              		.cfi_startproc
  91              		@ Volatile: function does not return.
  92              		@ args = 0, pretend = 0, frame = 0
  93              		@ frame_needed = 0, uses_anonymous_args = 0
  94              		@ link register save eliminated.
  95              	.L7:
  96 0000 FEE7     		b	.L7
  97              		.cfi_endproc
  98              	.LFE144:
 100              		.section	.text.UsageFault_Handler,"ax",%progbits
 101              		.align	1
 102              		.global	UsageFault_Handler
 103              		.syntax unified
 104              		.thumb
 105              		.thumb_func
 106              		.fpu fpv5-sp-d16
ARM GAS  /tmp/cc0YqjXX.s 			page 5


 108              	UsageFault_Handler:
 109              	.LFB145:
 131:Src/stm32f7xx_it.c ****   /* USER CODE BEGIN BusFault_IRQn 0 */
 132:Src/stm32f7xx_it.c **** 
 133:Src/stm32f7xx_it.c ****   /* USER CODE END BusFault_IRQn 0 */
 134:Src/stm32f7xx_it.c ****   while (1)
 135:Src/stm32f7xx_it.c ****   {
 136:Src/stm32f7xx_it.c ****     /* USER CODE BEGIN W1_BusFault_IRQn 0 */
 137:Src/stm32f7xx_it.c ****     /* USER CODE END W1_BusFault_IRQn 0 */
 138:Src/stm32f7xx_it.c ****   }
 139:Src/stm32f7xx_it.c **** }
 140:Src/stm32f7xx_it.c **** 
 141:Src/stm32f7xx_it.c **** /**
 142:Src/stm32f7xx_it.c ****   * @brief This function handles Undefined instruction or illegal state.
 143:Src/stm32f7xx_it.c ****   */
 144:Src/stm32f7xx_it.c **** void UsageFault_Handler(void)
 145:Src/stm32f7xx_it.c **** {
 110              		.loc 1 145 0
 111              		.cfi_startproc
 112              		@ Volatile: function does not return.
 113              		@ args = 0, pretend = 0, frame = 0
 114              		@ frame_needed = 0, uses_anonymous_args = 0
 115              		@ link register save eliminated.
 116              	.L9:
 117 0000 FEE7     		b	.L9
 118              		.cfi_endproc
 119              	.LFE145:
 121              		.section	.text.SVC_Handler,"ax",%progbits
 122              		.align	1
 123              		.global	SVC_Handler
 124              		.syntax unified
 125              		.thumb
 126              		.thumb_func
 127              		.fpu fpv5-sp-d16
 129              	SVC_Handler:
 130              	.LFB146:
 146:Src/stm32f7xx_it.c ****   /* USER CODE BEGIN UsageFault_IRQn 0 */
 147:Src/stm32f7xx_it.c **** 
 148:Src/stm32f7xx_it.c ****   /* USER CODE END UsageFault_IRQn 0 */
 149:Src/stm32f7xx_it.c ****   while (1)
 150:Src/stm32f7xx_it.c ****   {
 151:Src/stm32f7xx_it.c ****     /* USER CODE BEGIN W1_UsageFault_IRQn 0 */
 152:Src/stm32f7xx_it.c ****     /* USER CODE END W1_UsageFault_IRQn 0 */
 153:Src/stm32f7xx_it.c ****   }
 154:Src/stm32f7xx_it.c **** }
 155:Src/stm32f7xx_it.c **** 
 156:Src/stm32f7xx_it.c **** /**
 157:Src/stm32f7xx_it.c ****   * @brief This function handles System service call via SWI instruction.
 158:Src/stm32f7xx_it.c ****   */
 159:Src/stm32f7xx_it.c **** void SVC_Handler(void)
 160:Src/stm32f7xx_it.c **** {
 131              		.loc 1 160 0
 132              		.cfi_startproc
 133              		@ args = 0, pretend = 0, frame = 0
 134              		@ frame_needed = 0, uses_anonymous_args = 0
 135              		@ link register save eliminated.
 136 0000 7047     		bx	lr
ARM GAS  /tmp/cc0YqjXX.s 			page 6


 137              		.cfi_endproc
 138              	.LFE146:
 140              		.section	.text.DebugMon_Handler,"ax",%progbits
 141              		.align	1
 142              		.global	DebugMon_Handler
 143              		.syntax unified
 144              		.thumb
 145              		.thumb_func
 146              		.fpu fpv5-sp-d16
 148              	DebugMon_Handler:
 149              	.LFB147:
 161:Src/stm32f7xx_it.c ****   /* USER CODE BEGIN SVCall_IRQn 0 */
 162:Src/stm32f7xx_it.c **** 
 163:Src/stm32f7xx_it.c ****   /* USER CODE END SVCall_IRQn 0 */
 164:Src/stm32f7xx_it.c ****   /* USER CODE BEGIN SVCall_IRQn 1 */
 165:Src/stm32f7xx_it.c **** 
 166:Src/stm32f7xx_it.c ****   /* USER CODE END SVCall_IRQn 1 */
 167:Src/stm32f7xx_it.c **** }
 168:Src/stm32f7xx_it.c **** 
 169:Src/stm32f7xx_it.c **** /**
 170:Src/stm32f7xx_it.c ****   * @brief This function handles Debug monitor.
 171:Src/stm32f7xx_it.c ****   */
 172:Src/stm32f7xx_it.c **** void DebugMon_Handler(void)
 173:Src/stm32f7xx_it.c **** {
 150              		.loc 1 173 0
 151              		.cfi_startproc
 152              		@ args = 0, pretend = 0, frame = 0
 153              		@ frame_needed = 0, uses_anonymous_args = 0
 154              		@ link register save eliminated.
 155 0000 7047     		bx	lr
 156              		.cfi_endproc
 157              	.LFE147:
 159              		.section	.text.PendSV_Handler,"ax",%progbits
 160              		.align	1
 161              		.global	PendSV_Handler
 162              		.syntax unified
 163              		.thumb
 164              		.thumb_func
 165              		.fpu fpv5-sp-d16
 167              	PendSV_Handler:
 168              	.LFB148:
 174:Src/stm32f7xx_it.c ****   /* USER CODE BEGIN DebugMonitor_IRQn 0 */
 175:Src/stm32f7xx_it.c **** 
 176:Src/stm32f7xx_it.c ****   /* USER CODE END DebugMonitor_IRQn 0 */
 177:Src/stm32f7xx_it.c ****   /* USER CODE BEGIN DebugMonitor_IRQn 1 */
 178:Src/stm32f7xx_it.c **** 
 179:Src/stm32f7xx_it.c ****   /* USER CODE END DebugMonitor_IRQn 1 */
 180:Src/stm32f7xx_it.c **** }
 181:Src/stm32f7xx_it.c **** 
 182:Src/stm32f7xx_it.c **** /**
 183:Src/stm32f7xx_it.c ****   * @brief This function handles Pendable request for system service.
 184:Src/stm32f7xx_it.c ****   */
 185:Src/stm32f7xx_it.c **** void PendSV_Handler(void)
 186:Src/stm32f7xx_it.c **** {
 169              		.loc 1 186 0
 170              		.cfi_startproc
 171              		@ args = 0, pretend = 0, frame = 0
ARM GAS  /tmp/cc0YqjXX.s 			page 7


 172              		@ frame_needed = 0, uses_anonymous_args = 0
 173              		@ link register save eliminated.
 174 0000 7047     		bx	lr
 175              		.cfi_endproc
 176              	.LFE148:
 178              		.section	.text.SysTick_Handler,"ax",%progbits
 179              		.align	1
 180              		.global	SysTick_Handler
 181              		.syntax unified
 182              		.thumb
 183              		.thumb_func
 184              		.fpu fpv5-sp-d16
 186              	SysTick_Handler:
 187              	.LFB149:
 187:Src/stm32f7xx_it.c ****   /* USER CODE BEGIN PendSV_IRQn 0 */
 188:Src/stm32f7xx_it.c **** 
 189:Src/stm32f7xx_it.c ****   /* USER CODE END PendSV_IRQn 0 */
 190:Src/stm32f7xx_it.c ****   /* USER CODE BEGIN PendSV_IRQn 1 */
 191:Src/stm32f7xx_it.c **** 
 192:Src/stm32f7xx_it.c ****   /* USER CODE END PendSV_IRQn 1 */
 193:Src/stm32f7xx_it.c **** }
 194:Src/stm32f7xx_it.c **** 
 195:Src/stm32f7xx_it.c **** /**
 196:Src/stm32f7xx_it.c ****   * @brief This function handles System tick timer.
 197:Src/stm32f7xx_it.c ****   */
 198:Src/stm32f7xx_it.c **** void SysTick_Handler(void)
 199:Src/stm32f7xx_it.c **** {
 188              		.loc 1 199 0
 189              		.cfi_startproc
 190              		@ args = 0, pretend = 0, frame = 0
 191              		@ frame_needed = 0, uses_anonymous_args = 0
 192              		.loc 1 199 0
 193 0000 08B5     		push	{r3, lr}
 194              	.LCFI0:
 195              		.cfi_def_cfa_offset 8
 196              		.cfi_offset 3, -8
 197              		.cfi_offset 14, -4
 200:Src/stm32f7xx_it.c ****   /* USER CODE BEGIN SysTick_IRQn 0 */
 201:Src/stm32f7xx_it.c **** 
 202:Src/stm32f7xx_it.c ****   /* USER CODE END SysTick_IRQn 0 */
 203:Src/stm32f7xx_it.c ****   HAL_IncTick();
 198              		.loc 1 203 0
 199 0002 FFF7FEFF 		bl	HAL_IncTick
 200              	.LVL0:
 201 0006 08BD     		pop	{r3, pc}
 202              		.cfi_endproc
 203              	.LFE149:
 205              		.section	.text.TIM2_IRQHandler,"ax",%progbits
 206              		.align	1
 207              		.global	TIM2_IRQHandler
 208              		.syntax unified
 209              		.thumb
 210              		.thumb_func
 211              		.fpu fpv5-sp-d16
 213              	TIM2_IRQHandler:
 214              	.LFB150:
 204:Src/stm32f7xx_it.c ****   /* USER CODE BEGIN SysTick_IRQn 1 */
ARM GAS  /tmp/cc0YqjXX.s 			page 8


 205:Src/stm32f7xx_it.c **** 
 206:Src/stm32f7xx_it.c ****   /* USER CODE END SysTick_IRQn 1 */
 207:Src/stm32f7xx_it.c **** }
 208:Src/stm32f7xx_it.c **** 
 209:Src/stm32f7xx_it.c **** /******************************************************************************/
 210:Src/stm32f7xx_it.c **** /* STM32F7xx Peripheral Interrupt Handlers                                    */
 211:Src/stm32f7xx_it.c **** /* Add here the Interrupt Handlers for the used peripherals.                  */
 212:Src/stm32f7xx_it.c **** /* For the available peripheral interrupt handler names,                      */
 213:Src/stm32f7xx_it.c **** /* please refer to the startup file (startup_stm32f7xx.s).                    */
 214:Src/stm32f7xx_it.c **** /******************************************************************************/
 215:Src/stm32f7xx_it.c **** 
 216:Src/stm32f7xx_it.c **** /**
 217:Src/stm32f7xx_it.c ****   * @brief This function handles TIM2 global interrupt.
 218:Src/stm32f7xx_it.c ****   */
 219:Src/stm32f7xx_it.c **** void TIM2_IRQHandler(void)
 220:Src/stm32f7xx_it.c **** {
 215              		.loc 1 220 0
 216              		.cfi_startproc
 217              		@ args = 0, pretend = 0, frame = 0
 218              		@ frame_needed = 0, uses_anonymous_args = 0
 219 0000 08B5     		push	{r3, lr}
 220              	.LCFI1:
 221              		.cfi_def_cfa_offset 8
 222              		.cfi_offset 3, -8
 223              		.cfi_offset 14, -4
 221:Src/stm32f7xx_it.c ****   /* USER CODE BEGIN TIM2_IRQn 0 */
 222:Src/stm32f7xx_it.c **** 
 223:Src/stm32f7xx_it.c ****   /* USER CODE END TIM2_IRQn 0 */
 224:Src/stm32f7xx_it.c ****   HAL_TIM_IRQHandler(&htim2);
 224              		.loc 1 224 0
 225 0002 0248     		ldr	r0, .L17
 226 0004 FFF7FEFF 		bl	HAL_TIM_IRQHandler
 227              	.LVL1:
 228 0008 08BD     		pop	{r3, pc}
 229              	.L18:
 230 000a 00BF     		.align	2
 231              	.L17:
 232 000c 00000000 		.word	htim2
 233              		.cfi_endproc
 234              	.LFE150:
 236              		.section	.text.OTG_FS_IRQHandler,"ax",%progbits
 237              		.align	1
 238              		.global	OTG_FS_IRQHandler
 239              		.syntax unified
 240              		.thumb
 241              		.thumb_func
 242              		.fpu fpv5-sp-d16
 244              	OTG_FS_IRQHandler:
 245              	.LFB151:
 225:Src/stm32f7xx_it.c ****   /* USER CODE BEGIN TIM2_IRQn 1 */
 226:Src/stm32f7xx_it.c **** 
 227:Src/stm32f7xx_it.c ****   /* USER CODE END TIM2_IRQn 1 */
 228:Src/stm32f7xx_it.c **** }
 229:Src/stm32f7xx_it.c **** 
 230:Src/stm32f7xx_it.c **** /**
 231:Src/stm32f7xx_it.c ****   * @brief This function handles USB On The Go FS global interrupt.
 232:Src/stm32f7xx_it.c ****   */
ARM GAS  /tmp/cc0YqjXX.s 			page 9


 233:Src/stm32f7xx_it.c **** void OTG_FS_IRQHandler(void)
 234:Src/stm32f7xx_it.c **** {
 246              		.loc 1 234 0
 247              		.cfi_startproc
 248              		@ args = 0, pretend = 0, frame = 0
 249              		@ frame_needed = 0, uses_anonymous_args = 0
 250 0000 08B5     		push	{r3, lr}
 251              	.LCFI2:
 252              		.cfi_def_cfa_offset 8
 253              		.cfi_offset 3, -8
 254              		.cfi_offset 14, -4
 235:Src/stm32f7xx_it.c ****   /* USER CODE BEGIN OTG_FS_IRQn 0 */
 236:Src/stm32f7xx_it.c **** 
 237:Src/stm32f7xx_it.c ****   /* USER CODE END OTG_FS_IRQn 0 */
 238:Src/stm32f7xx_it.c ****   HAL_PCD_IRQHandler(&hpcd_USB_OTG_FS);
 255              		.loc 1 238 0
 256 0002 0248     		ldr	r0, .L21
 257 0004 FFF7FEFF 		bl	HAL_PCD_IRQHandler
 258              	.LVL2:
 259 0008 08BD     		pop	{r3, pc}
 260              	.L22:
 261 000a 00BF     		.align	2
 262              	.L21:
 263 000c 00000000 		.word	hpcd_USB_OTG_FS
 264              		.cfi_endproc
 265              	.LFE151:
 267              		.text
 268              	.Letext0:
 269              		.file 2 "/usr/include/newlib/machine/_default_types.h"
 270              		.file 3 "/usr/include/newlib/sys/_stdint.h"
 271              		.file 4 "Drivers/CMSIS/Include/core_cm7.h"
 272              		.file 5 "Drivers/CMSIS/Device/ST/STM32F7xx/Include/system_stm32f7xx.h"
 273              		.file 6 "Drivers/CMSIS/Device/ST/STM32F7xx/Include/stm32f746xx.h"
 274              		.file 7 "Drivers/STM32F7xx_HAL_Driver/Inc/stm32f7xx_hal_def.h"
 275              		.file 8 "Drivers/STM32F7xx_HAL_Driver/Inc/stm32f7xx_hal_dma.h"
 276              		.file 9 "Drivers/STM32F7xx_HAL_Driver/Inc/stm32f7xx_hal_tim.h"
 277              		.file 10 "Drivers/STM32F7xx_HAL_Driver/Inc/stm32f7xx_ll_usb.h"
 278              		.file 11 "Drivers/STM32F7xx_HAL_Driver/Inc/stm32f7xx_hal_pcd.h"
 279              		.file 12 "Drivers/STM32F7xx_HAL_Driver/Inc/stm32f7xx_hal.h"
ARM GAS  /tmp/cc0YqjXX.s 			page 10


DEFINED SYMBOLS
                            *ABS*:0000000000000000 stm32f7xx_it.c
     /tmp/cc0YqjXX.s:18     .text.NMI_Handler:0000000000000000 $t
     /tmp/cc0YqjXX.s:25     .text.NMI_Handler:0000000000000000 NMI_Handler
     /tmp/cc0YqjXX.s:38     .text.HardFault_Handler:0000000000000000 $t
     /tmp/cc0YqjXX.s:45     .text.HardFault_Handler:0000000000000000 HardFault_Handler
     /tmp/cc0YqjXX.s:59     .text.MemManage_Handler:0000000000000000 $t
     /tmp/cc0YqjXX.s:66     .text.MemManage_Handler:0000000000000000 MemManage_Handler
     /tmp/cc0YqjXX.s:80     .text.BusFault_Handler:0000000000000000 $t
     /tmp/cc0YqjXX.s:87     .text.BusFault_Handler:0000000000000000 BusFault_Handler
     /tmp/cc0YqjXX.s:101    .text.UsageFault_Handler:0000000000000000 $t
     /tmp/cc0YqjXX.s:108    .text.UsageFault_Handler:0000000000000000 UsageFault_Handler
     /tmp/cc0YqjXX.s:122    .text.SVC_Handler:0000000000000000 $t
     /tmp/cc0YqjXX.s:129    .text.SVC_Handler:0000000000000000 SVC_Handler
     /tmp/cc0YqjXX.s:141    .text.DebugMon_Handler:0000000000000000 $t
     /tmp/cc0YqjXX.s:148    .text.DebugMon_Handler:0000000000000000 DebugMon_Handler
     /tmp/cc0YqjXX.s:160    .text.PendSV_Handler:0000000000000000 $t
     /tmp/cc0YqjXX.s:167    .text.PendSV_Handler:0000000000000000 PendSV_Handler
     /tmp/cc0YqjXX.s:179    .text.SysTick_Handler:0000000000000000 $t
     /tmp/cc0YqjXX.s:186    .text.SysTick_Handler:0000000000000000 SysTick_Handler
     /tmp/cc0YqjXX.s:206    .text.TIM2_IRQHandler:0000000000000000 $t
     /tmp/cc0YqjXX.s:213    .text.TIM2_IRQHandler:0000000000000000 TIM2_IRQHandler
     /tmp/cc0YqjXX.s:232    .text.TIM2_IRQHandler:000000000000000c $d
     /tmp/cc0YqjXX.s:237    .text.OTG_FS_IRQHandler:0000000000000000 $t
     /tmp/cc0YqjXX.s:244    .text.OTG_FS_IRQHandler:0000000000000000 OTG_FS_IRQHandler
     /tmp/cc0YqjXX.s:263    .text.OTG_FS_IRQHandler:000000000000000c $d
                     .debug_frame:0000000000000010 $d

UNDEFINED SYMBOLS
HAL_IncTick
HAL_TIM_IRQHandler
htim2
HAL_PCD_IRQHandler
hpcd_USB_OTG_FS
