ARM GAS  /tmp/ccxM3Hlq.s 			page 1


   1              		.cpu cortex-m7
   2              		.eabi_attribute 27, 1
   3              		.eabi_attribute 28, 1
   4              		.eabi_attribute 20, 1
   5              		.eabi_attribute 21, 1
   6              		.eabi_attribute 23, 3
   7              		.eabi_attribute 24, 1
   8              		.eabi_attribute 25, 1
   9              		.eabi_attribute 26, 1
  10              		.eabi_attribute 30, 1
  11              		.eabi_attribute 34, 1
  12              		.eabi_attribute 18, 4
  13              		.file	"stm32f7xx_hal_gpio.c"
  14              		.text
  15              	.Ltext0:
  16              		.cfi_sections	.debug_frame
  17              		.section	.text.HAL_GPIO_Init,"ax",%progbits
  18              		.align	1
  19              		.global	HAL_GPIO_Init
  20              		.syntax unified
  21              		.thumb
  22              		.thumb_func
  23              		.fpu fpv5-sp-d16
  25              	HAL_GPIO_Init:
  26              	.LFB141:
  27              		.file 1 "Drivers/STM32F7xx_HAL_Driver/Src/stm32f7xx_hal_gpio.c"
   1:Drivers/STM32F7xx_HAL_Driver/Src/stm32f7xx_hal_gpio.c **** /**
   2:Drivers/STM32F7xx_HAL_Driver/Src/stm32f7xx_hal_gpio.c ****   ******************************************************************************
   3:Drivers/STM32F7xx_HAL_Driver/Src/stm32f7xx_hal_gpio.c ****   * @file    stm32f7xx_hal_gpio.c
   4:Drivers/STM32F7xx_HAL_Driver/Src/stm32f7xx_hal_gpio.c ****   * @author  MCD Application Team
   5:Drivers/STM32F7xx_HAL_Driver/Src/stm32f7xx_hal_gpio.c ****   * @brief   GPIO HAL module driver.
   6:Drivers/STM32F7xx_HAL_Driver/Src/stm32f7xx_hal_gpio.c ****   *          This file provides firmware functions to manage the following 
   7:Drivers/STM32F7xx_HAL_Driver/Src/stm32f7xx_hal_gpio.c ****   *          functionalities of the General Purpose Input/Output (GPIO) peripheral:
   8:Drivers/STM32F7xx_HAL_Driver/Src/stm32f7xx_hal_gpio.c ****   *           + Initialization and de-initialization functions
   9:Drivers/STM32F7xx_HAL_Driver/Src/stm32f7xx_hal_gpio.c ****   *           + IO operation functions
  10:Drivers/STM32F7xx_HAL_Driver/Src/stm32f7xx_hal_gpio.c ****   *
  11:Drivers/STM32F7xx_HAL_Driver/Src/stm32f7xx_hal_gpio.c ****   @verbatim
  12:Drivers/STM32F7xx_HAL_Driver/Src/stm32f7xx_hal_gpio.c ****   ==============================================================================
  13:Drivers/STM32F7xx_HAL_Driver/Src/stm32f7xx_hal_gpio.c ****                     ##### GPIO Peripheral features #####
  14:Drivers/STM32F7xx_HAL_Driver/Src/stm32f7xx_hal_gpio.c ****   ==============================================================================
  15:Drivers/STM32F7xx_HAL_Driver/Src/stm32f7xx_hal_gpio.c ****   [..] 
  16:Drivers/STM32F7xx_HAL_Driver/Src/stm32f7xx_hal_gpio.c ****   Subject to the specific hardware characteristics of each I/O port listed in the datasheet, each
  17:Drivers/STM32F7xx_HAL_Driver/Src/stm32f7xx_hal_gpio.c ****   port bit of the General Purpose IO (GPIO) Ports, can be individually configured by software
  18:Drivers/STM32F7xx_HAL_Driver/Src/stm32f7xx_hal_gpio.c ****   in several modes:
  19:Drivers/STM32F7xx_HAL_Driver/Src/stm32f7xx_hal_gpio.c ****   (+) Input mode 
  20:Drivers/STM32F7xx_HAL_Driver/Src/stm32f7xx_hal_gpio.c ****   (+) Analog mode
  21:Drivers/STM32F7xx_HAL_Driver/Src/stm32f7xx_hal_gpio.c ****   (+) Output mode
  22:Drivers/STM32F7xx_HAL_Driver/Src/stm32f7xx_hal_gpio.c ****   (+) Alternate function mode
  23:Drivers/STM32F7xx_HAL_Driver/Src/stm32f7xx_hal_gpio.c ****   (+) External interrupt/event lines
  24:Drivers/STM32F7xx_HAL_Driver/Src/stm32f7xx_hal_gpio.c **** 
  25:Drivers/STM32F7xx_HAL_Driver/Src/stm32f7xx_hal_gpio.c ****   [..]  
  26:Drivers/STM32F7xx_HAL_Driver/Src/stm32f7xx_hal_gpio.c ****   During and just after reset, the alternate functions and external interrupt  
  27:Drivers/STM32F7xx_HAL_Driver/Src/stm32f7xx_hal_gpio.c ****   lines are not active and the I/O ports are configured in input floating mode.
  28:Drivers/STM32F7xx_HAL_Driver/Src/stm32f7xx_hal_gpio.c ****   
  29:Drivers/STM32F7xx_HAL_Driver/Src/stm32f7xx_hal_gpio.c ****   [..]   
  30:Drivers/STM32F7xx_HAL_Driver/Src/stm32f7xx_hal_gpio.c ****   All GPIO pins have weak internal pull-up and pull-down resistors, which can be 
  31:Drivers/STM32F7xx_HAL_Driver/Src/stm32f7xx_hal_gpio.c ****   activated or not.
ARM GAS  /tmp/ccxM3Hlq.s 			page 2


  32:Drivers/STM32F7xx_HAL_Driver/Src/stm32f7xx_hal_gpio.c **** 
  33:Drivers/STM32F7xx_HAL_Driver/Src/stm32f7xx_hal_gpio.c ****   [..]
  34:Drivers/STM32F7xx_HAL_Driver/Src/stm32f7xx_hal_gpio.c ****   In Output or Alternate mode, each IO can be configured on open-drain or push-pull
  35:Drivers/STM32F7xx_HAL_Driver/Src/stm32f7xx_hal_gpio.c ****   type and the IO speed can be selected depending on the VDD value.
  36:Drivers/STM32F7xx_HAL_Driver/Src/stm32f7xx_hal_gpio.c **** 
  37:Drivers/STM32F7xx_HAL_Driver/Src/stm32f7xx_hal_gpio.c ****   [..]  
  38:Drivers/STM32F7xx_HAL_Driver/Src/stm32f7xx_hal_gpio.c ****   All ports have external interrupt/event capability. To use external interrupt 
  39:Drivers/STM32F7xx_HAL_Driver/Src/stm32f7xx_hal_gpio.c ****   lines, the port must be configured in input mode. All available GPIO pins are 
  40:Drivers/STM32F7xx_HAL_Driver/Src/stm32f7xx_hal_gpio.c ****   connected to the 16 external interrupt/event lines from EXTI0 to EXTI15.
  41:Drivers/STM32F7xx_HAL_Driver/Src/stm32f7xx_hal_gpio.c ****   
  42:Drivers/STM32F7xx_HAL_Driver/Src/stm32f7xx_hal_gpio.c ****   [..]
  43:Drivers/STM32F7xx_HAL_Driver/Src/stm32f7xx_hal_gpio.c ****   The external interrupt/event controller consists of up to 23 edge detectors 
  44:Drivers/STM32F7xx_HAL_Driver/Src/stm32f7xx_hal_gpio.c ****   (16 lines are connected to GPIO) for generating event/interrupt requests (each 
  45:Drivers/STM32F7xx_HAL_Driver/Src/stm32f7xx_hal_gpio.c ****   input line can be independently configured to select the type (interrupt or event) 
  46:Drivers/STM32F7xx_HAL_Driver/Src/stm32f7xx_hal_gpio.c ****   and the corresponding trigger event (rising or falling or both). Each line can 
  47:Drivers/STM32F7xx_HAL_Driver/Src/stm32f7xx_hal_gpio.c ****   also be masked independently. 
  48:Drivers/STM32F7xx_HAL_Driver/Src/stm32f7xx_hal_gpio.c **** 
  49:Drivers/STM32F7xx_HAL_Driver/Src/stm32f7xx_hal_gpio.c ****                      ##### How to use this driver #####
  50:Drivers/STM32F7xx_HAL_Driver/Src/stm32f7xx_hal_gpio.c ****   ==============================================================================  
  51:Drivers/STM32F7xx_HAL_Driver/Src/stm32f7xx_hal_gpio.c ****   [..]
  52:Drivers/STM32F7xx_HAL_Driver/Src/stm32f7xx_hal_gpio.c ****     (#) Enable the GPIO AHB clock using the following function: __HAL_RCC_GPIOx_CLK_ENABLE(). 
  53:Drivers/STM32F7xx_HAL_Driver/Src/stm32f7xx_hal_gpio.c **** 
  54:Drivers/STM32F7xx_HAL_Driver/Src/stm32f7xx_hal_gpio.c ****     (#) Configure the GPIO pin(s) using HAL_GPIO_Init().
  55:Drivers/STM32F7xx_HAL_Driver/Src/stm32f7xx_hal_gpio.c ****         (++) Configure the IO mode using "Mode" member from GPIO_InitTypeDef structure
  56:Drivers/STM32F7xx_HAL_Driver/Src/stm32f7xx_hal_gpio.c ****         (++) Activate Pull-up, Pull-down resistor using "Pull" member from GPIO_InitTypeDef 
  57:Drivers/STM32F7xx_HAL_Driver/Src/stm32f7xx_hal_gpio.c ****              structure.
  58:Drivers/STM32F7xx_HAL_Driver/Src/stm32f7xx_hal_gpio.c ****         (++) In case of Output or alternate function mode selection: the speed is 
  59:Drivers/STM32F7xx_HAL_Driver/Src/stm32f7xx_hal_gpio.c ****              configured through "Speed" member from GPIO_InitTypeDef structure.
  60:Drivers/STM32F7xx_HAL_Driver/Src/stm32f7xx_hal_gpio.c ****         (++) In alternate mode is selection, the alternate function connected to the IO
  61:Drivers/STM32F7xx_HAL_Driver/Src/stm32f7xx_hal_gpio.c ****              is configured through "Alternate" member from GPIO_InitTypeDef structure.
  62:Drivers/STM32F7xx_HAL_Driver/Src/stm32f7xx_hal_gpio.c ****         (++) Analog mode is required when a pin is to be used as ADC channel 
  63:Drivers/STM32F7xx_HAL_Driver/Src/stm32f7xx_hal_gpio.c ****              or DAC output.
  64:Drivers/STM32F7xx_HAL_Driver/Src/stm32f7xx_hal_gpio.c ****         (++) In case of external interrupt/event selection the "Mode" member from 
  65:Drivers/STM32F7xx_HAL_Driver/Src/stm32f7xx_hal_gpio.c ****              GPIO_InitTypeDef structure select the type (interrupt or event) and 
  66:Drivers/STM32F7xx_HAL_Driver/Src/stm32f7xx_hal_gpio.c ****              the corresponding trigger event (rising or falling or both).
  67:Drivers/STM32F7xx_HAL_Driver/Src/stm32f7xx_hal_gpio.c **** 
  68:Drivers/STM32F7xx_HAL_Driver/Src/stm32f7xx_hal_gpio.c ****     (#) In case of external interrupt/event mode selection, configure NVIC IRQ priority 
  69:Drivers/STM32F7xx_HAL_Driver/Src/stm32f7xx_hal_gpio.c ****         mapped to the EXTI line using HAL_NVIC_SetPriority() and enable it using
  70:Drivers/STM32F7xx_HAL_Driver/Src/stm32f7xx_hal_gpio.c ****         HAL_NVIC_EnableIRQ().
  71:Drivers/STM32F7xx_HAL_Driver/Src/stm32f7xx_hal_gpio.c ****          
  72:Drivers/STM32F7xx_HAL_Driver/Src/stm32f7xx_hal_gpio.c ****     (#) To get the level of a pin configured in input mode use HAL_GPIO_ReadPin().
  73:Drivers/STM32F7xx_HAL_Driver/Src/stm32f7xx_hal_gpio.c ****             
  74:Drivers/STM32F7xx_HAL_Driver/Src/stm32f7xx_hal_gpio.c ****     (#) To set/reset the level of a pin configured in output mode use 
  75:Drivers/STM32F7xx_HAL_Driver/Src/stm32f7xx_hal_gpio.c ****         HAL_GPIO_WritePin()/HAL_GPIO_TogglePin().
  76:Drivers/STM32F7xx_HAL_Driver/Src/stm32f7xx_hal_gpio.c ****     
  77:Drivers/STM32F7xx_HAL_Driver/Src/stm32f7xx_hal_gpio.c ****     (#) To lock pin configuration until next reset use HAL_GPIO_LockPin().
  78:Drivers/STM32F7xx_HAL_Driver/Src/stm32f7xx_hal_gpio.c **** 
  79:Drivers/STM32F7xx_HAL_Driver/Src/stm32f7xx_hal_gpio.c ****                  
  80:Drivers/STM32F7xx_HAL_Driver/Src/stm32f7xx_hal_gpio.c ****     (#) During and just after reset, the alternate functions are not 
  81:Drivers/STM32F7xx_HAL_Driver/Src/stm32f7xx_hal_gpio.c ****         active and the GPIO pins are configured in input floating mode (except JTAG
  82:Drivers/STM32F7xx_HAL_Driver/Src/stm32f7xx_hal_gpio.c ****         pins).
  83:Drivers/STM32F7xx_HAL_Driver/Src/stm32f7xx_hal_gpio.c ****   
  84:Drivers/STM32F7xx_HAL_Driver/Src/stm32f7xx_hal_gpio.c ****     (#) The LSE oscillator pins OSC32_IN and OSC32_OUT can be used as general purpose 
  85:Drivers/STM32F7xx_HAL_Driver/Src/stm32f7xx_hal_gpio.c ****         (PC14 and PC15, respectively) when the LSE oscillator is off. The LSE has 
  86:Drivers/STM32F7xx_HAL_Driver/Src/stm32f7xx_hal_gpio.c ****         priority over the GPIO function.
  87:Drivers/STM32F7xx_HAL_Driver/Src/stm32f7xx_hal_gpio.c ****   
  88:Drivers/STM32F7xx_HAL_Driver/Src/stm32f7xx_hal_gpio.c ****     (#) The HSE oscillator pins OSC_IN/OSC_OUT can be used as 
ARM GAS  /tmp/ccxM3Hlq.s 			page 3


  89:Drivers/STM32F7xx_HAL_Driver/Src/stm32f7xx_hal_gpio.c ****         general purpose PH0 and PH1, respectively, when the HSE oscillator is off. 
  90:Drivers/STM32F7xx_HAL_Driver/Src/stm32f7xx_hal_gpio.c ****         The HSE has priority over the GPIO function.
  91:Drivers/STM32F7xx_HAL_Driver/Src/stm32f7xx_hal_gpio.c ****   
  92:Drivers/STM32F7xx_HAL_Driver/Src/stm32f7xx_hal_gpio.c ****   @endverbatim
  93:Drivers/STM32F7xx_HAL_Driver/Src/stm32f7xx_hal_gpio.c ****   ******************************************************************************
  94:Drivers/STM32F7xx_HAL_Driver/Src/stm32f7xx_hal_gpio.c ****   * @attention
  95:Drivers/STM32F7xx_HAL_Driver/Src/stm32f7xx_hal_gpio.c ****   *
  96:Drivers/STM32F7xx_HAL_Driver/Src/stm32f7xx_hal_gpio.c ****   * <h2><center>&copy; Copyright (c) 2017 STMicroelectronics.
  97:Drivers/STM32F7xx_HAL_Driver/Src/stm32f7xx_hal_gpio.c ****   * All rights reserved.</center></h2>
  98:Drivers/STM32F7xx_HAL_Driver/Src/stm32f7xx_hal_gpio.c ****   *
  99:Drivers/STM32F7xx_HAL_Driver/Src/stm32f7xx_hal_gpio.c ****   * This software component is licensed by ST under BSD 3-Clause license,
 100:Drivers/STM32F7xx_HAL_Driver/Src/stm32f7xx_hal_gpio.c ****   * the "License"; You may not use this file except in compliance with the
 101:Drivers/STM32F7xx_HAL_Driver/Src/stm32f7xx_hal_gpio.c ****   * License. You may obtain a copy of the License at:
 102:Drivers/STM32F7xx_HAL_Driver/Src/stm32f7xx_hal_gpio.c ****   *                        opensource.org/licenses/BSD-3-Clause
 103:Drivers/STM32F7xx_HAL_Driver/Src/stm32f7xx_hal_gpio.c ****   *
 104:Drivers/STM32F7xx_HAL_Driver/Src/stm32f7xx_hal_gpio.c ****   ******************************************************************************
 105:Drivers/STM32F7xx_HAL_Driver/Src/stm32f7xx_hal_gpio.c ****   */ 
 106:Drivers/STM32F7xx_HAL_Driver/Src/stm32f7xx_hal_gpio.c **** 
 107:Drivers/STM32F7xx_HAL_Driver/Src/stm32f7xx_hal_gpio.c **** /* Includes ------------------------------------------------------------------*/
 108:Drivers/STM32F7xx_HAL_Driver/Src/stm32f7xx_hal_gpio.c **** #include "stm32f7xx_hal.h"
 109:Drivers/STM32F7xx_HAL_Driver/Src/stm32f7xx_hal_gpio.c **** 
 110:Drivers/STM32F7xx_HAL_Driver/Src/stm32f7xx_hal_gpio.c **** /** @addtogroup STM32F7xx_HAL_Driver
 111:Drivers/STM32F7xx_HAL_Driver/Src/stm32f7xx_hal_gpio.c ****   * @{
 112:Drivers/STM32F7xx_HAL_Driver/Src/stm32f7xx_hal_gpio.c ****   */
 113:Drivers/STM32F7xx_HAL_Driver/Src/stm32f7xx_hal_gpio.c **** 
 114:Drivers/STM32F7xx_HAL_Driver/Src/stm32f7xx_hal_gpio.c **** /** @defgroup GPIO GPIO
 115:Drivers/STM32F7xx_HAL_Driver/Src/stm32f7xx_hal_gpio.c ****   * @brief GPIO HAL module driver
 116:Drivers/STM32F7xx_HAL_Driver/Src/stm32f7xx_hal_gpio.c ****   * @{
 117:Drivers/STM32F7xx_HAL_Driver/Src/stm32f7xx_hal_gpio.c ****   */
 118:Drivers/STM32F7xx_HAL_Driver/Src/stm32f7xx_hal_gpio.c **** 
 119:Drivers/STM32F7xx_HAL_Driver/Src/stm32f7xx_hal_gpio.c **** #ifdef HAL_GPIO_MODULE_ENABLED
 120:Drivers/STM32F7xx_HAL_Driver/Src/stm32f7xx_hal_gpio.c **** 
 121:Drivers/STM32F7xx_HAL_Driver/Src/stm32f7xx_hal_gpio.c **** /* Private typedef -----------------------------------------------------------*/
 122:Drivers/STM32F7xx_HAL_Driver/Src/stm32f7xx_hal_gpio.c **** /* Private define ------------------------------------------------------------*/
 123:Drivers/STM32F7xx_HAL_Driver/Src/stm32f7xx_hal_gpio.c **** /** @addtogroup GPIO_Private_Constants GPIO Private Constants
 124:Drivers/STM32F7xx_HAL_Driver/Src/stm32f7xx_hal_gpio.c ****   * @{
 125:Drivers/STM32F7xx_HAL_Driver/Src/stm32f7xx_hal_gpio.c ****   */
 126:Drivers/STM32F7xx_HAL_Driver/Src/stm32f7xx_hal_gpio.c **** #define GPIO_MODE             ((uint32_t)0x00000003U)
 127:Drivers/STM32F7xx_HAL_Driver/Src/stm32f7xx_hal_gpio.c **** #define EXTI_MODE             ((uint32_t)0x10000000U)
 128:Drivers/STM32F7xx_HAL_Driver/Src/stm32f7xx_hal_gpio.c **** #define GPIO_MODE_IT          ((uint32_t)0x00010000U)
 129:Drivers/STM32F7xx_HAL_Driver/Src/stm32f7xx_hal_gpio.c **** #define GPIO_MODE_EVT         ((uint32_t)0x00020000U)
 130:Drivers/STM32F7xx_HAL_Driver/Src/stm32f7xx_hal_gpio.c **** #define RISING_EDGE           ((uint32_t)0x00100000U)
 131:Drivers/STM32F7xx_HAL_Driver/Src/stm32f7xx_hal_gpio.c **** #define FALLING_EDGE          ((uint32_t)0x00200000U)
 132:Drivers/STM32F7xx_HAL_Driver/Src/stm32f7xx_hal_gpio.c **** #define GPIO_OUTPUT_TYPE      ((uint32_t)0x00000010U)
 133:Drivers/STM32F7xx_HAL_Driver/Src/stm32f7xx_hal_gpio.c **** 
 134:Drivers/STM32F7xx_HAL_Driver/Src/stm32f7xx_hal_gpio.c **** #define GPIO_NUMBER           ((uint32_t)16U)
 135:Drivers/STM32F7xx_HAL_Driver/Src/stm32f7xx_hal_gpio.c **** /**
 136:Drivers/STM32F7xx_HAL_Driver/Src/stm32f7xx_hal_gpio.c ****   * @}
 137:Drivers/STM32F7xx_HAL_Driver/Src/stm32f7xx_hal_gpio.c ****   */
 138:Drivers/STM32F7xx_HAL_Driver/Src/stm32f7xx_hal_gpio.c **** /* Private macro -------------------------------------------------------------*/
 139:Drivers/STM32F7xx_HAL_Driver/Src/stm32f7xx_hal_gpio.c **** /* Private variables ---------------------------------------------------------*/
 140:Drivers/STM32F7xx_HAL_Driver/Src/stm32f7xx_hal_gpio.c **** /* Private function prototypes -----------------------------------------------*/
 141:Drivers/STM32F7xx_HAL_Driver/Src/stm32f7xx_hal_gpio.c **** /* Private functions ---------------------------------------------------------*/
 142:Drivers/STM32F7xx_HAL_Driver/Src/stm32f7xx_hal_gpio.c **** /* Exported functions --------------------------------------------------------*/
 143:Drivers/STM32F7xx_HAL_Driver/Src/stm32f7xx_hal_gpio.c **** /** @defgroup GPIO_Exported_Functions GPIO Exported Functions
 144:Drivers/STM32F7xx_HAL_Driver/Src/stm32f7xx_hal_gpio.c ****   * @{
 145:Drivers/STM32F7xx_HAL_Driver/Src/stm32f7xx_hal_gpio.c ****   */
ARM GAS  /tmp/ccxM3Hlq.s 			page 4


 146:Drivers/STM32F7xx_HAL_Driver/Src/stm32f7xx_hal_gpio.c **** 
 147:Drivers/STM32F7xx_HAL_Driver/Src/stm32f7xx_hal_gpio.c **** /** @defgroup GPIO_Exported_Functions_Group1 Initialization and de-initialization functions
 148:Drivers/STM32F7xx_HAL_Driver/Src/stm32f7xx_hal_gpio.c ****  *  @brief    Initialization and Configuration functions
 149:Drivers/STM32F7xx_HAL_Driver/Src/stm32f7xx_hal_gpio.c ****  *
 150:Drivers/STM32F7xx_HAL_Driver/Src/stm32f7xx_hal_gpio.c **** @verbatim
 151:Drivers/STM32F7xx_HAL_Driver/Src/stm32f7xx_hal_gpio.c ****  ===============================================================================
 152:Drivers/STM32F7xx_HAL_Driver/Src/stm32f7xx_hal_gpio.c ****               ##### Initialization and de-initialization functions #####
 153:Drivers/STM32F7xx_HAL_Driver/Src/stm32f7xx_hal_gpio.c ****  ===============================================================================
 154:Drivers/STM32F7xx_HAL_Driver/Src/stm32f7xx_hal_gpio.c ****   [..]
 155:Drivers/STM32F7xx_HAL_Driver/Src/stm32f7xx_hal_gpio.c ****     This section provides functions allowing to initialize and de-initialize the GPIOs
 156:Drivers/STM32F7xx_HAL_Driver/Src/stm32f7xx_hal_gpio.c ****     to be ready for use.
 157:Drivers/STM32F7xx_HAL_Driver/Src/stm32f7xx_hal_gpio.c ****  
 158:Drivers/STM32F7xx_HAL_Driver/Src/stm32f7xx_hal_gpio.c **** @endverbatim
 159:Drivers/STM32F7xx_HAL_Driver/Src/stm32f7xx_hal_gpio.c ****   * @{
 160:Drivers/STM32F7xx_HAL_Driver/Src/stm32f7xx_hal_gpio.c ****   */
 161:Drivers/STM32F7xx_HAL_Driver/Src/stm32f7xx_hal_gpio.c **** 
 162:Drivers/STM32F7xx_HAL_Driver/Src/stm32f7xx_hal_gpio.c **** /**
 163:Drivers/STM32F7xx_HAL_Driver/Src/stm32f7xx_hal_gpio.c ****   * @brief  Initializes the GPIOx peripheral according to the specified parameters in the GPIO_Init
 164:Drivers/STM32F7xx_HAL_Driver/Src/stm32f7xx_hal_gpio.c ****   * @param  GPIOx where x can be (A..K) to select the GPIO peripheral.
 165:Drivers/STM32F7xx_HAL_Driver/Src/stm32f7xx_hal_gpio.c ****   * @param  GPIO_Init pointer to a GPIO_InitTypeDef structure that contains
 166:Drivers/STM32F7xx_HAL_Driver/Src/stm32f7xx_hal_gpio.c ****   *         the configuration information for the specified GPIO peripheral.
 167:Drivers/STM32F7xx_HAL_Driver/Src/stm32f7xx_hal_gpio.c ****   * @retval None
 168:Drivers/STM32F7xx_HAL_Driver/Src/stm32f7xx_hal_gpio.c ****   */
 169:Drivers/STM32F7xx_HAL_Driver/Src/stm32f7xx_hal_gpio.c **** void HAL_GPIO_Init(GPIO_TypeDef  *GPIOx, GPIO_InitTypeDef *GPIO_Init)
 170:Drivers/STM32F7xx_HAL_Driver/Src/stm32f7xx_hal_gpio.c **** {
  28              		.loc 1 170 0
  29              		.cfi_startproc
  30              		@ args = 0, pretend = 0, frame = 8
  31              		@ frame_needed = 0, uses_anonymous_args = 0
  32              	.LVL0:
  33 0000 F0B5     		push	{r4, r5, r6, r7, lr}
  34              	.LCFI0:
  35              		.cfi_def_cfa_offset 20
  36              		.cfi_offset 4, -20
  37              		.cfi_offset 5, -16
  38              		.cfi_offset 6, -12
  39              		.cfi_offset 7, -8
  40              		.cfi_offset 14, -4
  41 0002 83B0     		sub	sp, sp, #12
  42              	.LCFI1:
  43              		.cfi_def_cfa_offset 32
  44              	.LVL1:
 171:Drivers/STM32F7xx_HAL_Driver/Src/stm32f7xx_hal_gpio.c ****   uint32_t position = 0x00;
 172:Drivers/STM32F7xx_HAL_Driver/Src/stm32f7xx_hal_gpio.c ****   uint32_t ioposition = 0x00;
 173:Drivers/STM32F7xx_HAL_Driver/Src/stm32f7xx_hal_gpio.c ****   uint32_t iocurrent = 0x00;
 174:Drivers/STM32F7xx_HAL_Driver/Src/stm32f7xx_hal_gpio.c ****   uint32_t temp = 0x00;
 175:Drivers/STM32F7xx_HAL_Driver/Src/stm32f7xx_hal_gpio.c **** 
 176:Drivers/STM32F7xx_HAL_Driver/Src/stm32f7xx_hal_gpio.c ****   /* Check the parameters */
 177:Drivers/STM32F7xx_HAL_Driver/Src/stm32f7xx_hal_gpio.c ****   assert_param(IS_GPIO_ALL_INSTANCE(GPIOx));
 178:Drivers/STM32F7xx_HAL_Driver/Src/stm32f7xx_hal_gpio.c ****   assert_param(IS_GPIO_PIN(GPIO_Init->Pin));
 179:Drivers/STM32F7xx_HAL_Driver/Src/stm32f7xx_hal_gpio.c ****   assert_param(IS_GPIO_MODE(GPIO_Init->Mode));
 180:Drivers/STM32F7xx_HAL_Driver/Src/stm32f7xx_hal_gpio.c ****   assert_param(IS_GPIO_PULL(GPIO_Init->Pull));
 181:Drivers/STM32F7xx_HAL_Driver/Src/stm32f7xx_hal_gpio.c **** 
 182:Drivers/STM32F7xx_HAL_Driver/Src/stm32f7xx_hal_gpio.c ****   /* Configure the port pins */
 183:Drivers/STM32F7xx_HAL_Driver/Src/stm32f7xx_hal_gpio.c ****   for(position = 0; position < GPIO_NUMBER; position++)
  45              		.loc 1 183 0
  46 0004 0024     		movs	r4, #0
ARM GAS  /tmp/ccxM3Hlq.s 			page 5


  47 0006 37E0     		b	.L2
  48              	.LVL2:
  49              	.L25:
 184:Drivers/STM32F7xx_HAL_Driver/Src/stm32f7xx_hal_gpio.c ****   {
 185:Drivers/STM32F7xx_HAL_Driver/Src/stm32f7xx_hal_gpio.c ****     /* Get the IO position */
 186:Drivers/STM32F7xx_HAL_Driver/Src/stm32f7xx_hal_gpio.c ****     ioposition = ((uint32_t)0x01) << position;
 187:Drivers/STM32F7xx_HAL_Driver/Src/stm32f7xx_hal_gpio.c ****     /* Get the current IO position */
 188:Drivers/STM32F7xx_HAL_Driver/Src/stm32f7xx_hal_gpio.c ****     iocurrent = (uint32_t)(GPIO_Init->Pin) & ioposition;
 189:Drivers/STM32F7xx_HAL_Driver/Src/stm32f7xx_hal_gpio.c **** 
 190:Drivers/STM32F7xx_HAL_Driver/Src/stm32f7xx_hal_gpio.c ****     if(iocurrent == ioposition)
 191:Drivers/STM32F7xx_HAL_Driver/Src/stm32f7xx_hal_gpio.c ****     {
 192:Drivers/STM32F7xx_HAL_Driver/Src/stm32f7xx_hal_gpio.c ****       /*--------------------- GPIO Mode Configuration ------------------------*/
 193:Drivers/STM32F7xx_HAL_Driver/Src/stm32f7xx_hal_gpio.c ****       /* In case of Alternate function mode selection */
 194:Drivers/STM32F7xx_HAL_Driver/Src/stm32f7xx_hal_gpio.c ****       if((GPIO_Init->Mode == GPIO_MODE_AF_PP) || (GPIO_Init->Mode == GPIO_MODE_AF_OD))
 195:Drivers/STM32F7xx_HAL_Driver/Src/stm32f7xx_hal_gpio.c ****       {
 196:Drivers/STM32F7xx_HAL_Driver/Src/stm32f7xx_hal_gpio.c ****         /* Check the Alternate function parameter */
 197:Drivers/STM32F7xx_HAL_Driver/Src/stm32f7xx_hal_gpio.c ****         assert_param(IS_GPIO_AF(GPIO_Init->Alternate));
 198:Drivers/STM32F7xx_HAL_Driver/Src/stm32f7xx_hal_gpio.c ****         
 199:Drivers/STM32F7xx_HAL_Driver/Src/stm32f7xx_hal_gpio.c ****         /* Configure Alternate function mapped with the current IO */
 200:Drivers/STM32F7xx_HAL_Driver/Src/stm32f7xx_hal_gpio.c ****         temp = GPIOx->AFR[position >> 3];
 201:Drivers/STM32F7xx_HAL_Driver/Src/stm32f7xx_hal_gpio.c ****         temp &= ~((uint32_t)0xF << ((uint32_t)(position & (uint32_t)0x07) * 4)) ;
 202:Drivers/STM32F7xx_HAL_Driver/Src/stm32f7xx_hal_gpio.c ****         temp |= ((uint32_t)(GPIO_Init->Alternate) << (((uint32_t)position & (uint32_t)0x07) * 4));
 203:Drivers/STM32F7xx_HAL_Driver/Src/stm32f7xx_hal_gpio.c ****         GPIOx->AFR[position >> 3] = temp;
 204:Drivers/STM32F7xx_HAL_Driver/Src/stm32f7xx_hal_gpio.c ****       }
 205:Drivers/STM32F7xx_HAL_Driver/Src/stm32f7xx_hal_gpio.c **** 
 206:Drivers/STM32F7xx_HAL_Driver/Src/stm32f7xx_hal_gpio.c ****       /* Configure IO Direction mode (Input, Output, Alternate or Analog) */
 207:Drivers/STM32F7xx_HAL_Driver/Src/stm32f7xx_hal_gpio.c ****       temp = GPIOx->MODER;
 208:Drivers/STM32F7xx_HAL_Driver/Src/stm32f7xx_hal_gpio.c ****       temp &= ~(GPIO_MODER_MODER0 << (position * 2));
 209:Drivers/STM32F7xx_HAL_Driver/Src/stm32f7xx_hal_gpio.c ****       temp |= ((GPIO_Init->Mode & GPIO_MODE) << (position * 2));
 210:Drivers/STM32F7xx_HAL_Driver/Src/stm32f7xx_hal_gpio.c ****       GPIOx->MODER = temp;
 211:Drivers/STM32F7xx_HAL_Driver/Src/stm32f7xx_hal_gpio.c **** 
 212:Drivers/STM32F7xx_HAL_Driver/Src/stm32f7xx_hal_gpio.c ****       /* In case of Output or Alternate function mode selection */
 213:Drivers/STM32F7xx_HAL_Driver/Src/stm32f7xx_hal_gpio.c ****       if((GPIO_Init->Mode == GPIO_MODE_OUTPUT_PP) || (GPIO_Init->Mode == GPIO_MODE_AF_PP) ||
 214:Drivers/STM32F7xx_HAL_Driver/Src/stm32f7xx_hal_gpio.c ****          (GPIO_Init->Mode == GPIO_MODE_OUTPUT_OD) || (GPIO_Init->Mode == GPIO_MODE_AF_OD))
 215:Drivers/STM32F7xx_HAL_Driver/Src/stm32f7xx_hal_gpio.c ****       {
 216:Drivers/STM32F7xx_HAL_Driver/Src/stm32f7xx_hal_gpio.c ****         /* Check the Speed parameter */
 217:Drivers/STM32F7xx_HAL_Driver/Src/stm32f7xx_hal_gpio.c ****         assert_param(IS_GPIO_SPEED(GPIO_Init->Speed));
 218:Drivers/STM32F7xx_HAL_Driver/Src/stm32f7xx_hal_gpio.c ****         /* Configure the IO Speed */
 219:Drivers/STM32F7xx_HAL_Driver/Src/stm32f7xx_hal_gpio.c ****         temp = GPIOx->OSPEEDR; 
 220:Drivers/STM32F7xx_HAL_Driver/Src/stm32f7xx_hal_gpio.c ****         temp &= ~(GPIO_OSPEEDER_OSPEEDR0 << (position * 2));
 221:Drivers/STM32F7xx_HAL_Driver/Src/stm32f7xx_hal_gpio.c ****         temp |= (GPIO_Init->Speed << (position * 2));
 222:Drivers/STM32F7xx_HAL_Driver/Src/stm32f7xx_hal_gpio.c ****         GPIOx->OSPEEDR = temp;
 223:Drivers/STM32F7xx_HAL_Driver/Src/stm32f7xx_hal_gpio.c **** 
 224:Drivers/STM32F7xx_HAL_Driver/Src/stm32f7xx_hal_gpio.c ****         /* Configure the IO Output Type */
 225:Drivers/STM32F7xx_HAL_Driver/Src/stm32f7xx_hal_gpio.c ****         temp = GPIOx->OTYPER;
 226:Drivers/STM32F7xx_HAL_Driver/Src/stm32f7xx_hal_gpio.c ****         temp &= ~(GPIO_OTYPER_OT_0 << position) ;
 227:Drivers/STM32F7xx_HAL_Driver/Src/stm32f7xx_hal_gpio.c ****         temp |= (((GPIO_Init->Mode & GPIO_OUTPUT_TYPE) >> 4) << position);
 228:Drivers/STM32F7xx_HAL_Driver/Src/stm32f7xx_hal_gpio.c ****         GPIOx->OTYPER = temp;
 229:Drivers/STM32F7xx_HAL_Driver/Src/stm32f7xx_hal_gpio.c ****       }
 230:Drivers/STM32F7xx_HAL_Driver/Src/stm32f7xx_hal_gpio.c **** 
 231:Drivers/STM32F7xx_HAL_Driver/Src/stm32f7xx_hal_gpio.c ****       /* Activate the Pull-up or Pull down resistor for the current IO */
 232:Drivers/STM32F7xx_HAL_Driver/Src/stm32f7xx_hal_gpio.c ****       temp = GPIOx->PUPDR;
 233:Drivers/STM32F7xx_HAL_Driver/Src/stm32f7xx_hal_gpio.c ****       temp &= ~(GPIO_PUPDR_PUPDR0 << (position * 2));
 234:Drivers/STM32F7xx_HAL_Driver/Src/stm32f7xx_hal_gpio.c ****       temp |= ((GPIO_Init->Pull) << (position * 2));
 235:Drivers/STM32F7xx_HAL_Driver/Src/stm32f7xx_hal_gpio.c ****       GPIOx->PUPDR = temp;
 236:Drivers/STM32F7xx_HAL_Driver/Src/stm32f7xx_hal_gpio.c **** 
 237:Drivers/STM32F7xx_HAL_Driver/Src/stm32f7xx_hal_gpio.c ****       /*--------------------- EXTI Mode Configuration ------------------------*/
ARM GAS  /tmp/ccxM3Hlq.s 			page 6


 238:Drivers/STM32F7xx_HAL_Driver/Src/stm32f7xx_hal_gpio.c ****       /* Configure the External Interrupt or event for the current IO */
 239:Drivers/STM32F7xx_HAL_Driver/Src/stm32f7xx_hal_gpio.c ****       if((GPIO_Init->Mode & EXTI_MODE) == EXTI_MODE)
 240:Drivers/STM32F7xx_HAL_Driver/Src/stm32f7xx_hal_gpio.c ****       {
 241:Drivers/STM32F7xx_HAL_Driver/Src/stm32f7xx_hal_gpio.c ****         /* Enable SYSCFG Clock */
 242:Drivers/STM32F7xx_HAL_Driver/Src/stm32f7xx_hal_gpio.c ****         __HAL_RCC_SYSCFG_CLK_ENABLE();
 243:Drivers/STM32F7xx_HAL_Driver/Src/stm32f7xx_hal_gpio.c **** 
 244:Drivers/STM32F7xx_HAL_Driver/Src/stm32f7xx_hal_gpio.c ****         temp = SYSCFG->EXTICR[position >> 2];
 245:Drivers/STM32F7xx_HAL_Driver/Src/stm32f7xx_hal_gpio.c ****         temp &= ~(((uint32_t)0x0F) << (4 * (position & 0x03)));
 246:Drivers/STM32F7xx_HAL_Driver/Src/stm32f7xx_hal_gpio.c ****         temp |= ((uint32_t)(GPIO_GET_INDEX(GPIOx)) << (4 * (position & 0x03)));
  50              		.loc 1 246 0
  51 0008 0926     		movs	r6, #9
  52 000a 00E0     		b	.L7
  53              	.L13:
  54 000c 0026     		movs	r6, #0
  55              	.L7:
  56              		.loc 1 246 0 is_stmt 0 discriminator 40
  57 000e 06FA0EF6 		lsl	r6, r6, lr
  58 0012 3243     		orrs	r2, r2, r6
  59              	.LVL3:
 247:Drivers/STM32F7xx_HAL_Driver/Src/stm32f7xx_hal_gpio.c ****         SYSCFG->EXTICR[position >> 2] = temp;
  60              		.loc 1 247 0 is_stmt 1 discriminator 40
  61 0014 0233     		adds	r3, r3, #2
  62 0016 6C4E     		ldr	r6, .L26
  63 0018 46F82320 		str	r2, [r6, r3, lsl #2]
 248:Drivers/STM32F7xx_HAL_Driver/Src/stm32f7xx_hal_gpio.c **** 
 249:Drivers/STM32F7xx_HAL_Driver/Src/stm32f7xx_hal_gpio.c ****         /* Clear EXTI line configuration */
 250:Drivers/STM32F7xx_HAL_Driver/Src/stm32f7xx_hal_gpio.c ****         temp = EXTI->IMR;
  64              		.loc 1 250 0 discriminator 40
  65 001c 6B4B     		ldr	r3, .L26+4
  66 001e 1A68     		ldr	r2, [r3]
  67              	.LVL4:
 251:Drivers/STM32F7xx_HAL_Driver/Src/stm32f7xx_hal_gpio.c ****         temp &= ~((uint32_t)iocurrent);
  68              		.loc 1 251 0 discriminator 40
  69 0020 EB43     		mvns	r3, r5
  70 0022 02EA0306 		and	r6, r2, r3
  71              	.LVL5:
 252:Drivers/STM32F7xx_HAL_Driver/Src/stm32f7xx_hal_gpio.c ****         if((GPIO_Init->Mode & GPIO_MODE_IT) == GPIO_MODE_IT)
  72              		.loc 1 252 0 discriminator 40
  73 0026 4F68     		ldr	r7, [r1, #4]
  74 0028 17F4803F 		tst	r7, #65536
  75 002c 01D0     		beq	.L8
 253:Drivers/STM32F7xx_HAL_Driver/Src/stm32f7xx_hal_gpio.c ****         {
 254:Drivers/STM32F7xx_HAL_Driver/Src/stm32f7xx_hal_gpio.c ****           temp |= iocurrent;
  76              		.loc 1 254 0
  77 002e 45EA0206 		orr	r6, r5, r2
  78              	.LVL6:
  79              	.L8:
 255:Drivers/STM32F7xx_HAL_Driver/Src/stm32f7xx_hal_gpio.c ****         }
 256:Drivers/STM32F7xx_HAL_Driver/Src/stm32f7xx_hal_gpio.c ****         EXTI->IMR = temp;
  80              		.loc 1 256 0
  81 0032 664A     		ldr	r2, .L26+4
  82 0034 1660     		str	r6, [r2]
 257:Drivers/STM32F7xx_HAL_Driver/Src/stm32f7xx_hal_gpio.c **** 
 258:Drivers/STM32F7xx_HAL_Driver/Src/stm32f7xx_hal_gpio.c ****         temp = EXTI->EMR;
  83              		.loc 1 258 0
  84 0036 5268     		ldr	r2, [r2, #4]
  85              	.LVL7:
ARM GAS  /tmp/ccxM3Hlq.s 			page 7


 259:Drivers/STM32F7xx_HAL_Driver/Src/stm32f7xx_hal_gpio.c ****         temp &= ~((uint32_t)iocurrent);
  86              		.loc 1 259 0
  87 0038 03EA0206 		and	r6, r3, r2
  88              	.LVL8:
 260:Drivers/STM32F7xx_HAL_Driver/Src/stm32f7xx_hal_gpio.c ****         if((GPIO_Init->Mode & GPIO_MODE_EVT) == GPIO_MODE_EVT)
  89              		.loc 1 260 0
  90 003c 4F68     		ldr	r7, [r1, #4]
  91 003e 17F4003F 		tst	r7, #131072
  92 0042 01D0     		beq	.L9
 261:Drivers/STM32F7xx_HAL_Driver/Src/stm32f7xx_hal_gpio.c ****         {
 262:Drivers/STM32F7xx_HAL_Driver/Src/stm32f7xx_hal_gpio.c ****           temp |= iocurrent;
  93              		.loc 1 262 0
  94 0044 45EA0206 		orr	r6, r5, r2
  95              	.LVL9:
  96              	.L9:
 263:Drivers/STM32F7xx_HAL_Driver/Src/stm32f7xx_hal_gpio.c ****         }
 264:Drivers/STM32F7xx_HAL_Driver/Src/stm32f7xx_hal_gpio.c ****         EXTI->EMR = temp;
  97              		.loc 1 264 0
  98 0048 604A     		ldr	r2, .L26+4
  99 004a 5660     		str	r6, [r2, #4]
 265:Drivers/STM32F7xx_HAL_Driver/Src/stm32f7xx_hal_gpio.c **** 
 266:Drivers/STM32F7xx_HAL_Driver/Src/stm32f7xx_hal_gpio.c ****         /* Clear Rising Falling edge configuration */
 267:Drivers/STM32F7xx_HAL_Driver/Src/stm32f7xx_hal_gpio.c ****         temp = EXTI->RTSR;
 100              		.loc 1 267 0
 101 004c 9268     		ldr	r2, [r2, #8]
 102              	.LVL10:
 268:Drivers/STM32F7xx_HAL_Driver/Src/stm32f7xx_hal_gpio.c ****         temp &= ~((uint32_t)iocurrent);
 103              		.loc 1 268 0
 104 004e 03EA0206 		and	r6, r3, r2
 105              	.LVL11:
 269:Drivers/STM32F7xx_HAL_Driver/Src/stm32f7xx_hal_gpio.c ****         if((GPIO_Init->Mode & RISING_EDGE) == RISING_EDGE)
 106              		.loc 1 269 0
 107 0052 4F68     		ldr	r7, [r1, #4]
 108 0054 17F4801F 		tst	r7, #1048576
 109 0058 01D0     		beq	.L10
 270:Drivers/STM32F7xx_HAL_Driver/Src/stm32f7xx_hal_gpio.c ****         {
 271:Drivers/STM32F7xx_HAL_Driver/Src/stm32f7xx_hal_gpio.c ****           temp |= iocurrent;
 110              		.loc 1 271 0
 111 005a 45EA0206 		orr	r6, r5, r2
 112              	.LVL12:
 113              	.L10:
 272:Drivers/STM32F7xx_HAL_Driver/Src/stm32f7xx_hal_gpio.c ****         }
 273:Drivers/STM32F7xx_HAL_Driver/Src/stm32f7xx_hal_gpio.c ****         EXTI->RTSR = temp;
 114              		.loc 1 273 0
 115 005e 5B4A     		ldr	r2, .L26+4
 116 0060 9660     		str	r6, [r2, #8]
 274:Drivers/STM32F7xx_HAL_Driver/Src/stm32f7xx_hal_gpio.c **** 
 275:Drivers/STM32F7xx_HAL_Driver/Src/stm32f7xx_hal_gpio.c ****         temp = EXTI->FTSR;
 117              		.loc 1 275 0
 118 0062 D268     		ldr	r2, [r2, #12]
 119              	.LVL13:
 276:Drivers/STM32F7xx_HAL_Driver/Src/stm32f7xx_hal_gpio.c ****         temp &= ~((uint32_t)iocurrent);
 120              		.loc 1 276 0
 121 0064 1340     		ands	r3, r3, r2
 122              	.LVL14:
 277:Drivers/STM32F7xx_HAL_Driver/Src/stm32f7xx_hal_gpio.c ****         if((GPIO_Init->Mode & FALLING_EDGE) == FALLING_EDGE)
 123              		.loc 1 277 0
ARM GAS  /tmp/ccxM3Hlq.s 			page 8


 124 0066 4E68     		ldr	r6, [r1, #4]
 125 0068 16F4001F 		tst	r6, #2097152
 126 006c 01D0     		beq	.L11
 278:Drivers/STM32F7xx_HAL_Driver/Src/stm32f7xx_hal_gpio.c ****         {
 279:Drivers/STM32F7xx_HAL_Driver/Src/stm32f7xx_hal_gpio.c ****           temp |= iocurrent;
 127              		.loc 1 279 0
 128 006e 45EA0203 		orr	r3, r5, r2
 129              	.LVL15:
 130              	.L11:
 280:Drivers/STM32F7xx_HAL_Driver/Src/stm32f7xx_hal_gpio.c ****         }
 281:Drivers/STM32F7xx_HAL_Driver/Src/stm32f7xx_hal_gpio.c ****         EXTI->FTSR = temp;
 131              		.loc 1 281 0
 132 0072 564A     		ldr	r2, .L26+4
 133 0074 D360     		str	r3, [r2, #12]
 134              	.LVL16:
 135              	.L3:
 183:Drivers/STM32F7xx_HAL_Driver/Src/stm32f7xx_hal_gpio.c ****   {
 136              		.loc 1 183 0 discriminator 2
 137 0076 0134     		adds	r4, r4, #1
 138              	.LVL17:
 139              	.L2:
 183:Drivers/STM32F7xx_HAL_Driver/Src/stm32f7xx_hal_gpio.c ****   {
 140              		.loc 1 183 0 is_stmt 0 discriminator 1
 141 0078 0F2C     		cmp	r4, #15
 142 007a 00F2A380 		bhi	.L24
 186:Drivers/STM32F7xx_HAL_Driver/Src/stm32f7xx_hal_gpio.c ****     /* Get the current IO position */
 143              		.loc 1 186 0 is_stmt 1
 144 007e 0123     		movs	r3, #1
 145 0080 A340     		lsls	r3, r3, r4
 146              	.LVL18:
 188:Drivers/STM32F7xx_HAL_Driver/Src/stm32f7xx_hal_gpio.c **** 
 147              		.loc 1 188 0
 148 0082 0A68     		ldr	r2, [r1]
 149 0084 03EA0205 		and	r5, r3, r2
 150              	.LVL19:
 190:Drivers/STM32F7xx_HAL_Driver/Src/stm32f7xx_hal_gpio.c ****     {
 151              		.loc 1 190 0
 152 0088 AB42     		cmp	r3, r5
 153 008a F4D1     		bne	.L3
 194:Drivers/STM32F7xx_HAL_Driver/Src/stm32f7xx_hal_gpio.c ****       {
 154              		.loc 1 194 0
 155 008c 4A68     		ldr	r2, [r1, #4]
 156 008e 122A     		cmp	r2, #18
 157 0090 18BF     		it	ne
 158 0092 022A     		cmpne	r2, #2
 159 0094 12D1     		bne	.L4
 200:Drivers/STM32F7xx_HAL_Driver/Src/stm32f7xx_hal_gpio.c ****         temp &= ~((uint32_t)0xF << ((uint32_t)(position & (uint32_t)0x07) * 4)) ;
 160              		.loc 1 200 0
 161 0096 4FEAD40E 		lsr	lr, r4, #3
 162 009a 0EF1080E 		add	lr, lr, #8
 163 009e 50F82E20 		ldr	r2, [r0, lr, lsl #2]
 164              	.LVL20:
 201:Drivers/STM32F7xx_HAL_Driver/Src/stm32f7xx_hal_gpio.c ****         temp |= ((uint32_t)(GPIO_Init->Alternate) << (((uint32_t)position & (uint32_t)0x07) * 4));
 165              		.loc 1 201 0
 166 00a2 04F00706 		and	r6, r4, #7
 167 00a6 B600     		lsls	r6, r6, #2
 168 00a8 0F27     		movs	r7, #15
ARM GAS  /tmp/ccxM3Hlq.s 			page 9


 169 00aa B740     		lsls	r7, r7, r6
 170 00ac 22EA0702 		bic	r2, r2, r7
 171              	.LVL21:
 202:Drivers/STM32F7xx_HAL_Driver/Src/stm32f7xx_hal_gpio.c ****         GPIOx->AFR[position >> 3] = temp;
 172              		.loc 1 202 0
 173 00b0 0F69     		ldr	r7, [r1, #16]
 174 00b2 07FA06F6 		lsl	r6, r7, r6
 175 00b6 3243     		orrs	r2, r2, r6
 176              	.LVL22:
 203:Drivers/STM32F7xx_HAL_Driver/Src/stm32f7xx_hal_gpio.c ****       }
 177              		.loc 1 203 0
 178 00b8 40F82E20 		str	r2, [r0, lr, lsl #2]
 179              	.LVL23:
 180              	.L4:
 207:Drivers/STM32F7xx_HAL_Driver/Src/stm32f7xx_hal_gpio.c ****       temp &= ~(GPIO_MODER_MODER0 << (position * 2));
 181              		.loc 1 207 0
 182 00bc 0668     		ldr	r6, [r0]
 183              	.LVL24:
 208:Drivers/STM32F7xx_HAL_Driver/Src/stm32f7xx_hal_gpio.c ****       temp |= ((GPIO_Init->Mode & GPIO_MODE) << (position * 2));
 184              		.loc 1 208 0
 185 00be 4FEA440E 		lsl	lr, r4, #1
 186 00c2 0322     		movs	r2, #3
 187 00c4 02FA0EF2 		lsl	r2, r2, lr
 188 00c8 D243     		mvns	r2, r2
 189 00ca 1640     		ands	r6, r6, r2
 190              	.LVL25:
 209:Drivers/STM32F7xx_HAL_Driver/Src/stm32f7xx_hal_gpio.c ****       GPIOx->MODER = temp;
 191              		.loc 1 209 0
 192 00cc 4F68     		ldr	r7, [r1, #4]
 193 00ce 07F00307 		and	r7, r7, #3
 194 00d2 07FA0EF7 		lsl	r7, r7, lr
 195 00d6 3E43     		orrs	r6, r6, r7
 196              	.LVL26:
 210:Drivers/STM32F7xx_HAL_Driver/Src/stm32f7xx_hal_gpio.c **** 
 197              		.loc 1 210 0
 198 00d8 0660     		str	r6, [r0]
 213:Drivers/STM32F7xx_HAL_Driver/Src/stm32f7xx_hal_gpio.c ****          (GPIO_Init->Mode == GPIO_MODE_OUTPUT_OD) || (GPIO_Init->Mode == GPIO_MODE_AF_OD))
 199              		.loc 1 213 0
 200 00da 4E68     		ldr	r6, [r1, #4]
 201              	.LVL27:
 202 00dc 771E     		subs	r7, r6, #1
 203 00de 112E     		cmp	r6, #17
 204 00e0 18BF     		it	ne
 205 00e2 012F     		cmpne	r7, #1
 206 00e4 01D9     		bls	.L5
 214:Drivers/STM32F7xx_HAL_Driver/Src/stm32f7xx_hal_gpio.c ****       {
 207              		.loc 1 214 0
 208 00e6 122E     		cmp	r6, #18
 209 00e8 0FD1     		bne	.L6
 210              	.L5:
 219:Drivers/STM32F7xx_HAL_Driver/Src/stm32f7xx_hal_gpio.c ****         temp &= ~(GPIO_OSPEEDER_OSPEEDR0 << (position * 2));
 211              		.loc 1 219 0
 212 00ea 8668     		ldr	r6, [r0, #8]
 213              	.LVL28:
 220:Drivers/STM32F7xx_HAL_Driver/Src/stm32f7xx_hal_gpio.c ****         temp |= (GPIO_Init->Speed << (position * 2));
 214              		.loc 1 220 0
 215 00ec 1640     		ands	r6, r6, r2
ARM GAS  /tmp/ccxM3Hlq.s 			page 10


 216              	.LVL29:
 221:Drivers/STM32F7xx_HAL_Driver/Src/stm32f7xx_hal_gpio.c ****         GPIOx->OSPEEDR = temp;
 217              		.loc 1 221 0
 218 00ee CF68     		ldr	r7, [r1, #12]
 219 00f0 07FA0EF7 		lsl	r7, r7, lr
 220 00f4 3E43     		orrs	r6, r6, r7
 221              	.LVL30:
 222:Drivers/STM32F7xx_HAL_Driver/Src/stm32f7xx_hal_gpio.c **** 
 222              		.loc 1 222 0
 223 00f6 8660     		str	r6, [r0, #8]
 225:Drivers/STM32F7xx_HAL_Driver/Src/stm32f7xx_hal_gpio.c ****         temp &= ~(GPIO_OTYPER_OT_0 << position) ;
 224              		.loc 1 225 0
 225 00f8 4668     		ldr	r6, [r0, #4]
 226              	.LVL31:
 226:Drivers/STM32F7xx_HAL_Driver/Src/stm32f7xx_hal_gpio.c ****         temp |= (((GPIO_Init->Mode & GPIO_OUTPUT_TYPE) >> 4) << position);
 227              		.loc 1 226 0
 228 00fa 26EA0303 		bic	r3, r6, r3
 229              	.LVL32:
 227:Drivers/STM32F7xx_HAL_Driver/Src/stm32f7xx_hal_gpio.c ****         GPIOx->OTYPER = temp;
 230              		.loc 1 227 0
 231 00fe 4E68     		ldr	r6, [r1, #4]
 232 0100 C6F30016 		ubfx	r6, r6, #4, #1
 233 0104 A640     		lsls	r6, r6, r4
 234 0106 3343     		orrs	r3, r3, r6
 235              	.LVL33:
 228:Drivers/STM32F7xx_HAL_Driver/Src/stm32f7xx_hal_gpio.c ****       }
 236              		.loc 1 228 0
 237 0108 4360     		str	r3, [r0, #4]
 238              	.LVL34:
 239              	.L6:
 232:Drivers/STM32F7xx_HAL_Driver/Src/stm32f7xx_hal_gpio.c ****       temp &= ~(GPIO_PUPDR_PUPDR0 << (position * 2));
 240              		.loc 1 232 0
 241 010a C368     		ldr	r3, [r0, #12]
 242              	.LVL35:
 233:Drivers/STM32F7xx_HAL_Driver/Src/stm32f7xx_hal_gpio.c ****       temp |= ((GPIO_Init->Pull) << (position * 2));
 243              		.loc 1 233 0
 244 010c 1A40     		ands	r2, r2, r3
 245              	.LVL36:
 234:Drivers/STM32F7xx_HAL_Driver/Src/stm32f7xx_hal_gpio.c ****       GPIOx->PUPDR = temp;
 246              		.loc 1 234 0
 247 010e 8B68     		ldr	r3, [r1, #8]
 248 0110 03FA0EF3 		lsl	r3, r3, lr
 249 0114 1A43     		orrs	r2, r2, r3
 250              	.LVL37:
 235:Drivers/STM32F7xx_HAL_Driver/Src/stm32f7xx_hal_gpio.c **** 
 251              		.loc 1 235 0
 252 0116 C260     		str	r2, [r0, #12]
 239:Drivers/STM32F7xx_HAL_Driver/Src/stm32f7xx_hal_gpio.c ****       {
 253              		.loc 1 239 0
 254 0118 4B68     		ldr	r3, [r1, #4]
 255 011a 13F0805F 		tst	r3, #268435456
 256 011e AAD0     		beq	.L3
 257              	.LBB2:
 242:Drivers/STM32F7xx_HAL_Driver/Src/stm32f7xx_hal_gpio.c **** 
 258              		.loc 1 242 0
 259 0120 2B4B     		ldr	r3, .L26+8
 260 0122 5A6C     		ldr	r2, [r3, #68]
ARM GAS  /tmp/ccxM3Hlq.s 			page 11


 261              	.LVL38:
 262 0124 42F48042 		orr	r2, r2, #16384
 263 0128 5A64     		str	r2, [r3, #68]
 264              	.LVL39:
 265 012a 5B6C     		ldr	r3, [r3, #68]
 266 012c 03F48043 		and	r3, r3, #16384
 267 0130 0193     		str	r3, [sp, #4]
 268 0132 019B     		ldr	r3, [sp, #4]
 269              	.LBE2:
 244:Drivers/STM32F7xx_HAL_Driver/Src/stm32f7xx_hal_gpio.c ****         temp &= ~(((uint32_t)0x0F) << (4 * (position & 0x03)));
 270              		.loc 1 244 0
 271 0134 A308     		lsrs	r3, r4, #2
 272 0136 9E1C     		adds	r6, r3, #2
 273 0138 234A     		ldr	r2, .L26
 274 013a 52F82620 		ldr	r2, [r2, r6, lsl #2]
 275              	.LVL40:
 245:Drivers/STM32F7xx_HAL_Driver/Src/stm32f7xx_hal_gpio.c ****         temp |= ((uint32_t)(GPIO_GET_INDEX(GPIOx)) << (4 * (position & 0x03)));
 276              		.loc 1 245 0
 277 013e 04F00306 		and	r6, r4, #3
 278 0142 4FEA860E 		lsl	lr, r6, #2
 279 0146 0F26     		movs	r6, #15
 280 0148 06FA0EF6 		lsl	r6, r6, lr
 281 014c 22EA0602 		bic	r2, r2, r6
 282              	.LVL41:
 246:Drivers/STM32F7xx_HAL_Driver/Src/stm32f7xx_hal_gpio.c ****         SYSCFG->EXTICR[position >> 2] = temp;
 283              		.loc 1 246 0
 284 0150 204F     		ldr	r7, .L26+12
 285 0152 B842     		cmp	r0, r7
 286 0154 3FF45AAF 		beq	.L13
 246:Drivers/STM32F7xx_HAL_Driver/Src/stm32f7xx_hal_gpio.c ****         SYSCFG->EXTICR[position >> 2] = temp;
 287              		.loc 1 246 0 is_stmt 0 discriminator 1
 288 0158 1F4E     		ldr	r6, .L26+16
 289 015a B042     		cmp	r0, r6
 290 015c 22D0     		beq	.L14
 246:Drivers/STM32F7xx_HAL_Driver/Src/stm32f7xx_hal_gpio.c ****         SYSCFG->EXTICR[position >> 2] = temp;
 291              		.loc 1 246 0 discriminator 3
 292 015e 06F58066 		add	r6, r6, #1024
 293 0162 B042     		cmp	r0, r6
 294 0164 20D0     		beq	.L15
 246:Drivers/STM32F7xx_HAL_Driver/Src/stm32f7xx_hal_gpio.c ****         SYSCFG->EXTICR[position >> 2] = temp;
 295              		.loc 1 246 0 discriminator 5
 296 0166 06F58066 		add	r6, r6, #1024
 297 016a B042     		cmp	r0, r6
 298 016c 1ED0     		beq	.L16
 246:Drivers/STM32F7xx_HAL_Driver/Src/stm32f7xx_hal_gpio.c ****         SYSCFG->EXTICR[position >> 2] = temp;
 299              		.loc 1 246 0 discriminator 7
 300 016e 06F58066 		add	r6, r6, #1024
 301 0172 B042     		cmp	r0, r6
 302 0174 1CD0     		beq	.L17
 246:Drivers/STM32F7xx_HAL_Driver/Src/stm32f7xx_hal_gpio.c ****         SYSCFG->EXTICR[position >> 2] = temp;
 303              		.loc 1 246 0 discriminator 9
 304 0176 06F58066 		add	r6, r6, #1024
 305 017a B042     		cmp	r0, r6
 306 017c 1AD0     		beq	.L18
 246:Drivers/STM32F7xx_HAL_Driver/Src/stm32f7xx_hal_gpio.c ****         SYSCFG->EXTICR[position >> 2] = temp;
 307              		.loc 1 246 0 discriminator 11
 308 017e 06F58066 		add	r6, r6, #1024
ARM GAS  /tmp/ccxM3Hlq.s 			page 12


 309 0182 B042     		cmp	r0, r6
 310 0184 18D0     		beq	.L19
 246:Drivers/STM32F7xx_HAL_Driver/Src/stm32f7xx_hal_gpio.c ****         SYSCFG->EXTICR[position >> 2] = temp;
 311              		.loc 1 246 0 discriminator 13
 312 0186 06F58066 		add	r6, r6, #1024
 313 018a B042     		cmp	r0, r6
 314 018c 16D0     		beq	.L20
 246:Drivers/STM32F7xx_HAL_Driver/Src/stm32f7xx_hal_gpio.c ****         SYSCFG->EXTICR[position >> 2] = temp;
 315              		.loc 1 246 0 discriminator 15
 316 018e 06F58066 		add	r6, r6, #1024
 317 0192 B042     		cmp	r0, r6
 318 0194 14D0     		beq	.L21
 246:Drivers/STM32F7xx_HAL_Driver/Src/stm32f7xx_hal_gpio.c ****         SYSCFG->EXTICR[position >> 2] = temp;
 319              		.loc 1 246 0 discriminator 17
 320 0196 06F58066 		add	r6, r6, #1024
 321 019a B042     		cmp	r0, r6
 322 019c 3FF434AF 		beq	.L25
 246:Drivers/STM32F7xx_HAL_Driver/Src/stm32f7xx_hal_gpio.c ****         SYSCFG->EXTICR[position >> 2] = temp;
 323              		.loc 1 246 0
 324 01a0 0A26     		movs	r6, #10
 325 01a2 34E7     		b	.L7
 326              	.L14:
 327 01a4 0126     		movs	r6, #1
 328              	.LVL42:
 329 01a6 32E7     		b	.L7
 330              	.LVL43:
 331              	.L15:
 332 01a8 0226     		movs	r6, #2
 333 01aa 30E7     		b	.L7
 334              	.L16:
 335 01ac 0326     		movs	r6, #3
 336 01ae 2EE7     		b	.L7
 337              	.L17:
 338 01b0 0426     		movs	r6, #4
 339 01b2 2CE7     		b	.L7
 340              	.L18:
 341 01b4 0526     		movs	r6, #5
 342 01b6 2AE7     		b	.L7
 343              	.L19:
 344 01b8 0626     		movs	r6, #6
 345 01ba 28E7     		b	.L7
 346              	.L20:
 347 01bc 0726     		movs	r6, #7
 348 01be 26E7     		b	.L7
 349              	.L21:
 350 01c0 0826     		movs	r6, #8
 351 01c2 24E7     		b	.L7
 352              	.LVL44:
 353              	.L24:
 282:Drivers/STM32F7xx_HAL_Driver/Src/stm32f7xx_hal_gpio.c ****       }
 283:Drivers/STM32F7xx_HAL_Driver/Src/stm32f7xx_hal_gpio.c ****     }
 284:Drivers/STM32F7xx_HAL_Driver/Src/stm32f7xx_hal_gpio.c ****   }
 285:Drivers/STM32F7xx_HAL_Driver/Src/stm32f7xx_hal_gpio.c **** }
 354              		.loc 1 285 0 is_stmt 1
 355 01c4 03B0     		add	sp, sp, #12
 356              	.LCFI2:
 357              		.cfi_def_cfa_offset 20
ARM GAS  /tmp/ccxM3Hlq.s 			page 13


 358              		@ sp needed
 359 01c6 F0BD     		pop	{r4, r5, r6, r7, pc}
 360              	.LVL45:
 361              	.L27:
 362              		.align	2
 363              	.L26:
 364 01c8 00380140 		.word	1073821696
 365 01cc 003C0140 		.word	1073822720
 366 01d0 00380240 		.word	1073887232
 367 01d4 00000240 		.word	1073872896
 368 01d8 00040240 		.word	1073873920
 369              		.cfi_endproc
 370              	.LFE141:
 372              		.section	.text.HAL_GPIO_DeInit,"ax",%progbits
 373              		.align	1
 374              		.global	HAL_GPIO_DeInit
 375              		.syntax unified
 376              		.thumb
 377              		.thumb_func
 378              		.fpu fpv5-sp-d16
 380              	HAL_GPIO_DeInit:
 381              	.LFB142:
 286:Drivers/STM32F7xx_HAL_Driver/Src/stm32f7xx_hal_gpio.c **** 
 287:Drivers/STM32F7xx_HAL_Driver/Src/stm32f7xx_hal_gpio.c **** /**
 288:Drivers/STM32F7xx_HAL_Driver/Src/stm32f7xx_hal_gpio.c ****   * @brief  De-initializes the GPIOx peripheral registers to their default reset values.
 289:Drivers/STM32F7xx_HAL_Driver/Src/stm32f7xx_hal_gpio.c ****   * @param  GPIOx where x can be (A..K) to select the GPIO peripheral.
 290:Drivers/STM32F7xx_HAL_Driver/Src/stm32f7xx_hal_gpio.c ****   * @param  GPIO_Pin specifies the port bit to be written.
 291:Drivers/STM32F7xx_HAL_Driver/Src/stm32f7xx_hal_gpio.c ****   *          This parameter can be one of GPIO_PIN_x where x can be (0..15).
 292:Drivers/STM32F7xx_HAL_Driver/Src/stm32f7xx_hal_gpio.c ****   * @retval None
 293:Drivers/STM32F7xx_HAL_Driver/Src/stm32f7xx_hal_gpio.c ****   */
 294:Drivers/STM32F7xx_HAL_Driver/Src/stm32f7xx_hal_gpio.c **** void HAL_GPIO_DeInit(GPIO_TypeDef  *GPIOx, uint32_t GPIO_Pin)
 295:Drivers/STM32F7xx_HAL_Driver/Src/stm32f7xx_hal_gpio.c **** {
 382              		.loc 1 295 0
 383              		.cfi_startproc
 384              		@ args = 0, pretend = 0, frame = 0
 385              		@ frame_needed = 0, uses_anonymous_args = 0
 386              	.LVL46:
 296:Drivers/STM32F7xx_HAL_Driver/Src/stm32f7xx_hal_gpio.c ****   uint32_t position;
 297:Drivers/STM32F7xx_HAL_Driver/Src/stm32f7xx_hal_gpio.c ****   uint32_t ioposition = 0x00;
 298:Drivers/STM32F7xx_HAL_Driver/Src/stm32f7xx_hal_gpio.c ****   uint32_t iocurrent = 0x00;
 299:Drivers/STM32F7xx_HAL_Driver/Src/stm32f7xx_hal_gpio.c ****   uint32_t tmp = 0x00;
 300:Drivers/STM32F7xx_HAL_Driver/Src/stm32f7xx_hal_gpio.c **** 
 301:Drivers/STM32F7xx_HAL_Driver/Src/stm32f7xx_hal_gpio.c ****   /* Check the parameters */
 302:Drivers/STM32F7xx_HAL_Driver/Src/stm32f7xx_hal_gpio.c ****   assert_param(IS_GPIO_ALL_INSTANCE(GPIOx));
 303:Drivers/STM32F7xx_HAL_Driver/Src/stm32f7xx_hal_gpio.c ****   
 304:Drivers/STM32F7xx_HAL_Driver/Src/stm32f7xx_hal_gpio.c ****   /* Configure the port pins */
 305:Drivers/STM32F7xx_HAL_Driver/Src/stm32f7xx_hal_gpio.c ****   for(position = 0; position < GPIO_NUMBER; position++)
 387              		.loc 1 305 0
 388 0000 0023     		movs	r3, #0
 389              	.LVL47:
 390 0002 0F2B     		cmp	r3, #15
 391 0004 00F29380 		bhi	.L47
 295:Drivers/STM32F7xx_HAL_Driver/Src/stm32f7xx_hal_gpio.c ****   uint32_t position;
 392              		.loc 1 295 0
 393 0008 F0B5     		push	{r4, r5, r6, r7, lr}
 394              	.LCFI3:
 395              		.cfi_def_cfa_offset 20
ARM GAS  /tmp/ccxM3Hlq.s 			page 14


 396              		.cfi_offset 4, -20
 397              		.cfi_offset 5, -16
 398              		.cfi_offset 6, -12
 399              		.cfi_offset 7, -8
 400              		.cfi_offset 14, -4
 401 000a 29E0     		b	.L33
 402              	.LVL48:
 403              	.L50:
 306:Drivers/STM32F7xx_HAL_Driver/Src/stm32f7xx_hal_gpio.c ****   {
 307:Drivers/STM32F7xx_HAL_Driver/Src/stm32f7xx_hal_gpio.c ****     /* Get the IO position */
 308:Drivers/STM32F7xx_HAL_Driver/Src/stm32f7xx_hal_gpio.c ****     ioposition = ((uint32_t)0x01) << position;
 309:Drivers/STM32F7xx_HAL_Driver/Src/stm32f7xx_hal_gpio.c ****     /* Get the current IO position */
 310:Drivers/STM32F7xx_HAL_Driver/Src/stm32f7xx_hal_gpio.c ****     iocurrent = (GPIO_Pin) & ioposition;
 311:Drivers/STM32F7xx_HAL_Driver/Src/stm32f7xx_hal_gpio.c **** 
 312:Drivers/STM32F7xx_HAL_Driver/Src/stm32f7xx_hal_gpio.c ****     if(iocurrent == ioposition)
 313:Drivers/STM32F7xx_HAL_Driver/Src/stm32f7xx_hal_gpio.c ****     {
 314:Drivers/STM32F7xx_HAL_Driver/Src/stm32f7xx_hal_gpio.c ****       /*------------------------- EXTI Mode Configuration --------------------*/
 315:Drivers/STM32F7xx_HAL_Driver/Src/stm32f7xx_hal_gpio.c ****       tmp = SYSCFG->EXTICR[position >> 2];
 316:Drivers/STM32F7xx_HAL_Driver/Src/stm32f7xx_hal_gpio.c ****       tmp &= (((uint32_t)0x0F) << (4 * (position & 0x03)));
 317:Drivers/STM32F7xx_HAL_Driver/Src/stm32f7xx_hal_gpio.c ****       if(tmp == ((uint32_t)(GPIO_GET_INDEX(GPIOx)) << (4 * (position & 0x03))))
 404              		.loc 1 317 0
 405 000c 0927     		movs	r7, #9
 406 000e 00E0     		b	.L31
 407              	.L34:
 408 0010 0027     		movs	r7, #0
 409              	.L31:
 410              		.loc 1 317 0 is_stmt 0 discriminator 40
 411 0012 07FA05F5 		lsl	r5, r7, r5
 412 0016 AE42     		cmp	r6, r5
 413 0018 70D0     		beq	.L48
 414              	.LVL49:
 415              	.L32:
 318:Drivers/STM32F7xx_HAL_Driver/Src/stm32f7xx_hal_gpio.c ****       {
 319:Drivers/STM32F7xx_HAL_Driver/Src/stm32f7xx_hal_gpio.c ****         /* Configure the External Interrupt or event for the current IO */
 320:Drivers/STM32F7xx_HAL_Driver/Src/stm32f7xx_hal_gpio.c ****         tmp = ((uint32_t)0x0F) << (4 * (position & 0x03));
 321:Drivers/STM32F7xx_HAL_Driver/Src/stm32f7xx_hal_gpio.c ****         SYSCFG->EXTICR[position >> 2] &= ~tmp;
 322:Drivers/STM32F7xx_HAL_Driver/Src/stm32f7xx_hal_gpio.c **** 
 323:Drivers/STM32F7xx_HAL_Driver/Src/stm32f7xx_hal_gpio.c ****         /* Clear EXTI line configuration */
 324:Drivers/STM32F7xx_HAL_Driver/Src/stm32f7xx_hal_gpio.c ****         EXTI->IMR &= ~((uint32_t)iocurrent);
 325:Drivers/STM32F7xx_HAL_Driver/Src/stm32f7xx_hal_gpio.c ****         EXTI->EMR &= ~((uint32_t)iocurrent);
 326:Drivers/STM32F7xx_HAL_Driver/Src/stm32f7xx_hal_gpio.c **** 
 327:Drivers/STM32F7xx_HAL_Driver/Src/stm32f7xx_hal_gpio.c ****         /* Clear Rising Falling edge configuration */
 328:Drivers/STM32F7xx_HAL_Driver/Src/stm32f7xx_hal_gpio.c ****         EXTI->RTSR &= ~((uint32_t)iocurrent);
 329:Drivers/STM32F7xx_HAL_Driver/Src/stm32f7xx_hal_gpio.c ****         EXTI->FTSR &= ~((uint32_t)iocurrent);
 330:Drivers/STM32F7xx_HAL_Driver/Src/stm32f7xx_hal_gpio.c ****       }
 331:Drivers/STM32F7xx_HAL_Driver/Src/stm32f7xx_hal_gpio.c ****       /*------------------------- GPIO Mode Configuration --------------------*/
 332:Drivers/STM32F7xx_HAL_Driver/Src/stm32f7xx_hal_gpio.c ****       /* Configure IO Direction in Input Floating Mode */
 333:Drivers/STM32F7xx_HAL_Driver/Src/stm32f7xx_hal_gpio.c ****       GPIOx->MODER &= ~(GPIO_MODER_MODER0 << (position * 2));
 416              		.loc 1 333 0 is_stmt 1
 417 001a 0568     		ldr	r5, [r0]
 418 001c 5E00     		lsls	r6, r3, #1
 419 001e 0324     		movs	r4, #3
 420 0020 B440     		lsls	r4, r4, r6
 421 0022 E443     		mvns	r4, r4
 422 0024 2540     		ands	r5, r5, r4
 423 0026 0560     		str	r5, [r0]
 334:Drivers/STM32F7xx_HAL_Driver/Src/stm32f7xx_hal_gpio.c **** 
ARM GAS  /tmp/ccxM3Hlq.s 			page 15


 335:Drivers/STM32F7xx_HAL_Driver/Src/stm32f7xx_hal_gpio.c ****       /* Configure the default Alternate Function in current IO */
 336:Drivers/STM32F7xx_HAL_Driver/Src/stm32f7xx_hal_gpio.c ****       GPIOx->AFR[position >> 3] &= ~((uint32_t)0xF << ((uint32_t)(position & (uint32_t)0x07) * 4)) 
 424              		.loc 1 336 0
 425 0028 DD08     		lsrs	r5, r3, #3
 426 002a 0835     		adds	r5, r5, #8
 427 002c 50F82560 		ldr	r6, [r0, r5, lsl #2]
 428 0030 03F00707 		and	r7, r3, #7
 429 0034 4FEA870E 		lsl	lr, r7, #2
 430 0038 0F27     		movs	r7, #15
 431 003a 07FA0EF7 		lsl	r7, r7, lr
 432 003e 26EA0706 		bic	r6, r6, r7
 433 0042 40F82560 		str	r6, [r0, r5, lsl #2]
 337:Drivers/STM32F7xx_HAL_Driver/Src/stm32f7xx_hal_gpio.c **** 
 338:Drivers/STM32F7xx_HAL_Driver/Src/stm32f7xx_hal_gpio.c ****       /* Configure the default value for IO Speed */
 339:Drivers/STM32F7xx_HAL_Driver/Src/stm32f7xx_hal_gpio.c ****       GPIOx->OSPEEDR &= ~(GPIO_OSPEEDER_OSPEEDR0 << (position * 2));
 434              		.loc 1 339 0
 435 0046 8568     		ldr	r5, [r0, #8]
 436 0048 2540     		ands	r5, r5, r4
 437 004a 8560     		str	r5, [r0, #8]
 340:Drivers/STM32F7xx_HAL_Driver/Src/stm32f7xx_hal_gpio.c **** 
 341:Drivers/STM32F7xx_HAL_Driver/Src/stm32f7xx_hal_gpio.c ****       /* Configure the default value IO Output Type */
 342:Drivers/STM32F7xx_HAL_Driver/Src/stm32f7xx_hal_gpio.c ****       GPIOx->OTYPER  &= ~(GPIO_OTYPER_OT_0 << position) ;
 438              		.loc 1 342 0
 439 004c 4568     		ldr	r5, [r0, #4]
 440 004e 25EA0202 		bic	r2, r5, r2
 441              	.LVL50:
 442 0052 4260     		str	r2, [r0, #4]
 343:Drivers/STM32F7xx_HAL_Driver/Src/stm32f7xx_hal_gpio.c **** 
 344:Drivers/STM32F7xx_HAL_Driver/Src/stm32f7xx_hal_gpio.c ****       /* Deactivate the Pull-up and Pull-down resistor for the current IO */
 345:Drivers/STM32F7xx_HAL_Driver/Src/stm32f7xx_hal_gpio.c ****       GPIOx->PUPDR &= ~(GPIO_PUPDR_PUPDR0 << (position * 2));
 443              		.loc 1 345 0
 444 0054 C268     		ldr	r2, [r0, #12]
 445 0056 1440     		ands	r4, r4, r2
 446 0058 C460     		str	r4, [r0, #12]
 447              	.L30:
 305:Drivers/STM32F7xx_HAL_Driver/Src/stm32f7xx_hal_gpio.c ****   {
 448              		.loc 1 305 0 discriminator 2
 449 005a 0133     		adds	r3, r3, #1
 450              	.LVL51:
 451 005c 0F2B     		cmp	r3, #15
 452 005e 65D8     		bhi	.L49
 453              	.LVL52:
 454              	.L33:
 308:Drivers/STM32F7xx_HAL_Driver/Src/stm32f7xx_hal_gpio.c ****     /* Get the current IO position */
 455              		.loc 1 308 0
 456 0060 0122     		movs	r2, #1
 457 0062 9A40     		lsls	r2, r2, r3
 458              	.LVL53:
 310:Drivers/STM32F7xx_HAL_Driver/Src/stm32f7xx_hal_gpio.c **** 
 459              		.loc 1 310 0
 460 0064 02EA0104 		and	r4, r2, r1
 461              	.LVL54:
 312:Drivers/STM32F7xx_HAL_Driver/Src/stm32f7xx_hal_gpio.c ****     {
 462              		.loc 1 312 0
 463 0068 A242     		cmp	r2, r4
 464 006a F6D1     		bne	.L30
 315:Drivers/STM32F7xx_HAL_Driver/Src/stm32f7xx_hal_gpio.c ****       tmp &= (((uint32_t)0x0F) << (4 * (position & 0x03)));
ARM GAS  /tmp/ccxM3Hlq.s 			page 16


 465              		.loc 1 315 0
 466 006c 4FEA930E 		lsr	lr, r3, #2
 467 0070 0EF10206 		add	r6, lr, #2
 468 0074 2E4D     		ldr	r5, .L51
 469 0076 55F82660 		ldr	r6, [r5, r6, lsl #2]
 470              	.LVL55:
 316:Drivers/STM32F7xx_HAL_Driver/Src/stm32f7xx_hal_gpio.c ****       if(tmp == ((uint32_t)(GPIO_GET_INDEX(GPIOx)) << (4 * (position & 0x03))))
 471              		.loc 1 316 0
 472 007a 03F00305 		and	r5, r3, #3
 473 007e AD00     		lsls	r5, r5, #2
 474 0080 0F27     		movs	r7, #15
 475 0082 07FA05FC 		lsl	ip, r7, r5
 476 0086 06EA0C06 		and	r6, r6, ip
 477              	.LVL56:
 317:Drivers/STM32F7xx_HAL_Driver/Src/stm32f7xx_hal_gpio.c ****       {
 478              		.loc 1 317 0
 479 008a 2A4F     		ldr	r7, .L51+4
 480 008c B842     		cmp	r0, r7
 481 008e BFD0     		beq	.L34
 317:Drivers/STM32F7xx_HAL_Driver/Src/stm32f7xx_hal_gpio.c ****       {
 482              		.loc 1 317 0 is_stmt 0 discriminator 1
 483 0090 07F58067 		add	r7, r7, #1024
 484 0094 B842     		cmp	r0, r7
 485 0096 21D0     		beq	.L35
 317:Drivers/STM32F7xx_HAL_Driver/Src/stm32f7xx_hal_gpio.c ****       {
 486              		.loc 1 317 0 discriminator 3
 487 0098 07F58067 		add	r7, r7, #1024
 488 009c B842     		cmp	r0, r7
 489 009e 1FD0     		beq	.L36
 317:Drivers/STM32F7xx_HAL_Driver/Src/stm32f7xx_hal_gpio.c ****       {
 490              		.loc 1 317 0 discriminator 5
 491 00a0 07F58067 		add	r7, r7, #1024
 492 00a4 B842     		cmp	r0, r7
 493 00a6 1DD0     		beq	.L37
 317:Drivers/STM32F7xx_HAL_Driver/Src/stm32f7xx_hal_gpio.c ****       {
 494              		.loc 1 317 0 discriminator 7
 495 00a8 07F58067 		add	r7, r7, #1024
 496 00ac B842     		cmp	r0, r7
 497 00ae 1BD0     		beq	.L38
 317:Drivers/STM32F7xx_HAL_Driver/Src/stm32f7xx_hal_gpio.c ****       {
 498              		.loc 1 317 0 discriminator 9
 499 00b0 07F58067 		add	r7, r7, #1024
 500 00b4 B842     		cmp	r0, r7
 501 00b6 19D0     		beq	.L39
 317:Drivers/STM32F7xx_HAL_Driver/Src/stm32f7xx_hal_gpio.c ****       {
 502              		.loc 1 317 0 discriminator 11
 503 00b8 07F58067 		add	r7, r7, #1024
 504 00bc B842     		cmp	r0, r7
 505 00be 17D0     		beq	.L40
 317:Drivers/STM32F7xx_HAL_Driver/Src/stm32f7xx_hal_gpio.c ****       {
 506              		.loc 1 317 0 discriminator 13
 507 00c0 07F58067 		add	r7, r7, #1024
 508 00c4 B842     		cmp	r0, r7
 509 00c6 15D0     		beq	.L41
 317:Drivers/STM32F7xx_HAL_Driver/Src/stm32f7xx_hal_gpio.c ****       {
 510              		.loc 1 317 0 discriminator 15
 511 00c8 07F58067 		add	r7, r7, #1024
ARM GAS  /tmp/ccxM3Hlq.s 			page 17


 512 00cc B842     		cmp	r0, r7
 513 00ce 13D0     		beq	.L42
 317:Drivers/STM32F7xx_HAL_Driver/Src/stm32f7xx_hal_gpio.c ****       {
 514              		.loc 1 317 0 discriminator 17
 515 00d0 07F58067 		add	r7, r7, #1024
 516 00d4 B842     		cmp	r0, r7
 517 00d6 99D0     		beq	.L50
 317:Drivers/STM32F7xx_HAL_Driver/Src/stm32f7xx_hal_gpio.c ****       {
 518              		.loc 1 317 0
 519 00d8 0A27     		movs	r7, #10
 520 00da 9AE7     		b	.L31
 521              	.L35:
 522 00dc 0127     		movs	r7, #1
 523 00de 98E7     		b	.L31
 524              	.L36:
 525 00e0 0227     		movs	r7, #2
 526 00e2 96E7     		b	.L31
 527              	.L37:
 528 00e4 0327     		movs	r7, #3
 529 00e6 94E7     		b	.L31
 530              	.L38:
 531 00e8 0427     		movs	r7, #4
 532 00ea 92E7     		b	.L31
 533              	.L39:
 534 00ec 0527     		movs	r7, #5
 535 00ee 90E7     		b	.L31
 536              	.L40:
 537 00f0 0627     		movs	r7, #6
 538 00f2 8EE7     		b	.L31
 539              	.L41:
 540 00f4 0727     		movs	r7, #7
 541 00f6 8CE7     		b	.L31
 542              	.L42:
 543 00f8 0827     		movs	r7, #8
 544 00fa 8AE7     		b	.L31
 545              	.L48:
 546              	.LVL57:
 321:Drivers/STM32F7xx_HAL_Driver/Src/stm32f7xx_hal_gpio.c **** 
 547              		.loc 1 321 0 is_stmt 1
 548 00fc 0C4E     		ldr	r6, .L51
 549 00fe 0EF10205 		add	r5, lr, #2
 550 0102 56F82570 		ldr	r7, [r6, r5, lsl #2]
 551 0106 27EA0C07 		bic	r7, r7, ip
 552 010a 46F82570 		str	r7, [r6, r5, lsl #2]
 324:Drivers/STM32F7xx_HAL_Driver/Src/stm32f7xx_hal_gpio.c ****         EXTI->EMR &= ~((uint32_t)iocurrent);
 553              		.loc 1 324 0
 554 010e 0A4D     		ldr	r5, .L51+8
 555 0110 2E68     		ldr	r6, [r5]
 556 0112 E443     		mvns	r4, r4
 557              	.LVL58:
 558 0114 2640     		ands	r6, r6, r4
 559 0116 2E60     		str	r6, [r5]
 325:Drivers/STM32F7xx_HAL_Driver/Src/stm32f7xx_hal_gpio.c **** 
 560              		.loc 1 325 0
 561 0118 6E68     		ldr	r6, [r5, #4]
 562 011a 2640     		ands	r6, r6, r4
 563 011c 6E60     		str	r6, [r5, #4]
ARM GAS  /tmp/ccxM3Hlq.s 			page 18


 328:Drivers/STM32F7xx_HAL_Driver/Src/stm32f7xx_hal_gpio.c ****         EXTI->FTSR &= ~((uint32_t)iocurrent);
 564              		.loc 1 328 0
 565 011e AE68     		ldr	r6, [r5, #8]
 566 0120 2640     		ands	r6, r6, r4
 567 0122 AE60     		str	r6, [r5, #8]
 329:Drivers/STM32F7xx_HAL_Driver/Src/stm32f7xx_hal_gpio.c ****       }
 568              		.loc 1 329 0
 569 0124 EE68     		ldr	r6, [r5, #12]
 570 0126 3440     		ands	r4, r4, r6
 571              	.LVL59:
 572 0128 EC60     		str	r4, [r5, #12]
 573 012a 76E7     		b	.L32
 574              	.LVL60:
 575              	.L49:
 346:Drivers/STM32F7xx_HAL_Driver/Src/stm32f7xx_hal_gpio.c ****     }
 347:Drivers/STM32F7xx_HAL_Driver/Src/stm32f7xx_hal_gpio.c ****   }
 348:Drivers/STM32F7xx_HAL_Driver/Src/stm32f7xx_hal_gpio.c **** }
 576              		.loc 1 348 0
 577 012c F0BD     		pop	{r4, r5, r6, r7, pc}
 578              	.LVL61:
 579              	.L47:
 580              	.LCFI4:
 581              		.cfi_def_cfa_offset 0
 582              		.cfi_restore 4
 583              		.cfi_restore 5
 584              		.cfi_restore 6
 585              		.cfi_restore 7
 586              		.cfi_restore 14
 587 012e 7047     		bx	lr
 588              	.L52:
 589              		.align	2
 590              	.L51:
 591 0130 00380140 		.word	1073821696
 592 0134 00000240 		.word	1073872896
 593 0138 003C0140 		.word	1073822720
 594              		.cfi_endproc
 595              	.LFE142:
 597              		.section	.text.HAL_GPIO_ReadPin,"ax",%progbits
 598              		.align	1
 599              		.global	HAL_GPIO_ReadPin
 600              		.syntax unified
 601              		.thumb
 602              		.thumb_func
 603              		.fpu fpv5-sp-d16
 605              	HAL_GPIO_ReadPin:
 606              	.LFB143:
 349:Drivers/STM32F7xx_HAL_Driver/Src/stm32f7xx_hal_gpio.c **** 
 350:Drivers/STM32F7xx_HAL_Driver/Src/stm32f7xx_hal_gpio.c **** /**
 351:Drivers/STM32F7xx_HAL_Driver/Src/stm32f7xx_hal_gpio.c ****   * @}
 352:Drivers/STM32F7xx_HAL_Driver/Src/stm32f7xx_hal_gpio.c ****   */
 353:Drivers/STM32F7xx_HAL_Driver/Src/stm32f7xx_hal_gpio.c **** 
 354:Drivers/STM32F7xx_HAL_Driver/Src/stm32f7xx_hal_gpio.c **** /** @defgroup GPIO_Exported_Functions_Group2 IO operation functions 
 355:Drivers/STM32F7xx_HAL_Driver/Src/stm32f7xx_hal_gpio.c ****  *  @brief   GPIO Read and Write
 356:Drivers/STM32F7xx_HAL_Driver/Src/stm32f7xx_hal_gpio.c ****  *
 357:Drivers/STM32F7xx_HAL_Driver/Src/stm32f7xx_hal_gpio.c **** @verbatim
 358:Drivers/STM32F7xx_HAL_Driver/Src/stm32f7xx_hal_gpio.c ****  ===============================================================================
 359:Drivers/STM32F7xx_HAL_Driver/Src/stm32f7xx_hal_gpio.c ****                        ##### IO operation functions #####
ARM GAS  /tmp/ccxM3Hlq.s 			page 19


 360:Drivers/STM32F7xx_HAL_Driver/Src/stm32f7xx_hal_gpio.c ****  ===============================================================================
 361:Drivers/STM32F7xx_HAL_Driver/Src/stm32f7xx_hal_gpio.c **** 
 362:Drivers/STM32F7xx_HAL_Driver/Src/stm32f7xx_hal_gpio.c **** @endverbatim
 363:Drivers/STM32F7xx_HAL_Driver/Src/stm32f7xx_hal_gpio.c ****   * @{
 364:Drivers/STM32F7xx_HAL_Driver/Src/stm32f7xx_hal_gpio.c ****   */
 365:Drivers/STM32F7xx_HAL_Driver/Src/stm32f7xx_hal_gpio.c **** 
 366:Drivers/STM32F7xx_HAL_Driver/Src/stm32f7xx_hal_gpio.c **** /**
 367:Drivers/STM32F7xx_HAL_Driver/Src/stm32f7xx_hal_gpio.c ****   * @brief  Reads the specified input port pin.
 368:Drivers/STM32F7xx_HAL_Driver/Src/stm32f7xx_hal_gpio.c ****   * @param  GPIOx where x can be (A..K) to select the GPIO peripheral.
 369:Drivers/STM32F7xx_HAL_Driver/Src/stm32f7xx_hal_gpio.c ****   * @param  GPIO_Pin specifies the port bit to read.
 370:Drivers/STM32F7xx_HAL_Driver/Src/stm32f7xx_hal_gpio.c ****   *         This parameter can be GPIO_PIN_x where x can be (0..15).
 371:Drivers/STM32F7xx_HAL_Driver/Src/stm32f7xx_hal_gpio.c ****   * @retval The input port pin value.
 372:Drivers/STM32F7xx_HAL_Driver/Src/stm32f7xx_hal_gpio.c ****   */
 373:Drivers/STM32F7xx_HAL_Driver/Src/stm32f7xx_hal_gpio.c **** GPIO_PinState HAL_GPIO_ReadPin(GPIO_TypeDef* GPIOx, uint16_t GPIO_Pin)
 374:Drivers/STM32F7xx_HAL_Driver/Src/stm32f7xx_hal_gpio.c **** {
 607              		.loc 1 374 0
 608              		.cfi_startproc
 609              		@ args = 0, pretend = 0, frame = 0
 610              		@ frame_needed = 0, uses_anonymous_args = 0
 611              		@ link register save eliminated.
 612              	.LVL62:
 375:Drivers/STM32F7xx_HAL_Driver/Src/stm32f7xx_hal_gpio.c ****   GPIO_PinState bitstatus;
 376:Drivers/STM32F7xx_HAL_Driver/Src/stm32f7xx_hal_gpio.c **** 
 377:Drivers/STM32F7xx_HAL_Driver/Src/stm32f7xx_hal_gpio.c ****   /* Check the parameters */
 378:Drivers/STM32F7xx_HAL_Driver/Src/stm32f7xx_hal_gpio.c ****   assert_param(IS_GPIO_PIN(GPIO_Pin));
 379:Drivers/STM32F7xx_HAL_Driver/Src/stm32f7xx_hal_gpio.c **** 
 380:Drivers/STM32F7xx_HAL_Driver/Src/stm32f7xx_hal_gpio.c ****   if((GPIOx->IDR & GPIO_Pin) != (uint32_t)GPIO_PIN_RESET)
 613              		.loc 1 380 0
 614 0000 0369     		ldr	r3, [r0, #16]
 615 0002 1942     		tst	r1, r3
 616 0004 01D1     		bne	.L56
 381:Drivers/STM32F7xx_HAL_Driver/Src/stm32f7xx_hal_gpio.c ****   {
 382:Drivers/STM32F7xx_HAL_Driver/Src/stm32f7xx_hal_gpio.c ****     bitstatus = GPIO_PIN_SET;
 383:Drivers/STM32F7xx_HAL_Driver/Src/stm32f7xx_hal_gpio.c ****   }
 384:Drivers/STM32F7xx_HAL_Driver/Src/stm32f7xx_hal_gpio.c ****   else
 385:Drivers/STM32F7xx_HAL_Driver/Src/stm32f7xx_hal_gpio.c ****   {
 386:Drivers/STM32F7xx_HAL_Driver/Src/stm32f7xx_hal_gpio.c ****     bitstatus = GPIO_PIN_RESET;
 617              		.loc 1 386 0
 618 0006 0020     		movs	r0, #0
 619              	.LVL63:
 387:Drivers/STM32F7xx_HAL_Driver/Src/stm32f7xx_hal_gpio.c ****   }
 388:Drivers/STM32F7xx_HAL_Driver/Src/stm32f7xx_hal_gpio.c ****   return bitstatus;
 389:Drivers/STM32F7xx_HAL_Driver/Src/stm32f7xx_hal_gpio.c **** }
 620              		.loc 1 389 0
 621 0008 7047     		bx	lr
 622              	.LVL64:
 623              	.L56:
 382:Drivers/STM32F7xx_HAL_Driver/Src/stm32f7xx_hal_gpio.c ****   }
 624              		.loc 1 382 0
 625 000a 0120     		movs	r0, #1
 626              	.LVL65:
 627 000c 7047     		bx	lr
 628              		.cfi_endproc
 629              	.LFE143:
 631              		.section	.text.HAL_GPIO_WritePin,"ax",%progbits
 632              		.align	1
 633              		.global	HAL_GPIO_WritePin
ARM GAS  /tmp/ccxM3Hlq.s 			page 20


 634              		.syntax unified
 635              		.thumb
 636              		.thumb_func
 637              		.fpu fpv5-sp-d16
 639              	HAL_GPIO_WritePin:
 640              	.LFB144:
 390:Drivers/STM32F7xx_HAL_Driver/Src/stm32f7xx_hal_gpio.c **** 
 391:Drivers/STM32F7xx_HAL_Driver/Src/stm32f7xx_hal_gpio.c **** /**
 392:Drivers/STM32F7xx_HAL_Driver/Src/stm32f7xx_hal_gpio.c ****   * @brief  Sets or clears the selected data port bit.
 393:Drivers/STM32F7xx_HAL_Driver/Src/stm32f7xx_hal_gpio.c ****   *
 394:Drivers/STM32F7xx_HAL_Driver/Src/stm32f7xx_hal_gpio.c ****   * @note   This function uses GPIOx_BSRR register to allow atomic read/modify
 395:Drivers/STM32F7xx_HAL_Driver/Src/stm32f7xx_hal_gpio.c ****   *         accesses. In this way, there is no risk of an IRQ occurring between
 396:Drivers/STM32F7xx_HAL_Driver/Src/stm32f7xx_hal_gpio.c ****   *         the read and the modify access.
 397:Drivers/STM32F7xx_HAL_Driver/Src/stm32f7xx_hal_gpio.c ****   *
 398:Drivers/STM32F7xx_HAL_Driver/Src/stm32f7xx_hal_gpio.c ****   * @param  GPIOx where x can be (A..K) to select the GPIO peripheral.
 399:Drivers/STM32F7xx_HAL_Driver/Src/stm32f7xx_hal_gpio.c ****   * @param  GPIO_Pin specifies the port bit to be written.
 400:Drivers/STM32F7xx_HAL_Driver/Src/stm32f7xx_hal_gpio.c ****   *          This parameter can be one of GPIO_PIN_x where x can be (0..15).
 401:Drivers/STM32F7xx_HAL_Driver/Src/stm32f7xx_hal_gpio.c ****   * @param  PinState specifies the value to be written to the selected bit.
 402:Drivers/STM32F7xx_HAL_Driver/Src/stm32f7xx_hal_gpio.c ****   *          This parameter can be one of the GPIO_PinState enum values:
 403:Drivers/STM32F7xx_HAL_Driver/Src/stm32f7xx_hal_gpio.c ****   *            @arg GPIO_PIN_RESET: to clear the port pin
 404:Drivers/STM32F7xx_HAL_Driver/Src/stm32f7xx_hal_gpio.c ****   *            @arg GPIO_PIN_SET: to set the port pin
 405:Drivers/STM32F7xx_HAL_Driver/Src/stm32f7xx_hal_gpio.c ****   * @retval None
 406:Drivers/STM32F7xx_HAL_Driver/Src/stm32f7xx_hal_gpio.c ****   */
 407:Drivers/STM32F7xx_HAL_Driver/Src/stm32f7xx_hal_gpio.c **** void HAL_GPIO_WritePin(GPIO_TypeDef* GPIOx, uint16_t GPIO_Pin, GPIO_PinState PinState)
 408:Drivers/STM32F7xx_HAL_Driver/Src/stm32f7xx_hal_gpio.c **** {
 641              		.loc 1 408 0
 642              		.cfi_startproc
 643              		@ args = 0, pretend = 0, frame = 0
 644              		@ frame_needed = 0, uses_anonymous_args = 0
 645              		@ link register save eliminated.
 646              	.LVL66:
 409:Drivers/STM32F7xx_HAL_Driver/Src/stm32f7xx_hal_gpio.c ****   /* Check the parameters */
 410:Drivers/STM32F7xx_HAL_Driver/Src/stm32f7xx_hal_gpio.c ****   assert_param(IS_GPIO_PIN(GPIO_Pin));
 411:Drivers/STM32F7xx_HAL_Driver/Src/stm32f7xx_hal_gpio.c ****   assert_param(IS_GPIO_PIN_ACTION(PinState));
 412:Drivers/STM32F7xx_HAL_Driver/Src/stm32f7xx_hal_gpio.c **** 
 413:Drivers/STM32F7xx_HAL_Driver/Src/stm32f7xx_hal_gpio.c ****   if(PinState != GPIO_PIN_RESET)
 647              		.loc 1 413 0
 648 0000 12B9     		cbnz	r2, .L60
 414:Drivers/STM32F7xx_HAL_Driver/Src/stm32f7xx_hal_gpio.c ****   {
 415:Drivers/STM32F7xx_HAL_Driver/Src/stm32f7xx_hal_gpio.c ****     GPIOx->BSRR = GPIO_Pin;
 416:Drivers/STM32F7xx_HAL_Driver/Src/stm32f7xx_hal_gpio.c ****   }
 417:Drivers/STM32F7xx_HAL_Driver/Src/stm32f7xx_hal_gpio.c ****   else
 418:Drivers/STM32F7xx_HAL_Driver/Src/stm32f7xx_hal_gpio.c ****   {
 419:Drivers/STM32F7xx_HAL_Driver/Src/stm32f7xx_hal_gpio.c ****     GPIOx->BSRR = (uint32_t)GPIO_Pin << 16;
 649              		.loc 1 419 0
 650 0002 0904     		lsls	r1, r1, #16
 651              	.LVL67:
 652 0004 8161     		str	r1, [r0, #24]
 653 0006 7047     		bx	lr
 654              	.LVL68:
 655              	.L60:
 415:Drivers/STM32F7xx_HAL_Driver/Src/stm32f7xx_hal_gpio.c ****   }
 656              		.loc 1 415 0
 657 0008 8161     		str	r1, [r0, #24]
 658 000a 7047     		bx	lr
 659              		.cfi_endproc
 660              	.LFE144:
ARM GAS  /tmp/ccxM3Hlq.s 			page 21


 662              		.section	.text.HAL_GPIO_TogglePin,"ax",%progbits
 663              		.align	1
 664              		.global	HAL_GPIO_TogglePin
 665              		.syntax unified
 666              		.thumb
 667              		.thumb_func
 668              		.fpu fpv5-sp-d16
 670              	HAL_GPIO_TogglePin:
 671              	.LFB145:
 420:Drivers/STM32F7xx_HAL_Driver/Src/stm32f7xx_hal_gpio.c ****   }
 421:Drivers/STM32F7xx_HAL_Driver/Src/stm32f7xx_hal_gpio.c **** }
 422:Drivers/STM32F7xx_HAL_Driver/Src/stm32f7xx_hal_gpio.c **** 
 423:Drivers/STM32F7xx_HAL_Driver/Src/stm32f7xx_hal_gpio.c **** /**
 424:Drivers/STM32F7xx_HAL_Driver/Src/stm32f7xx_hal_gpio.c ****   * @brief  Toggles the specified GPIO pins.
 425:Drivers/STM32F7xx_HAL_Driver/Src/stm32f7xx_hal_gpio.c ****   * @param  GPIOx Where x can be (A..I) to select the GPIO peripheral.
 426:Drivers/STM32F7xx_HAL_Driver/Src/stm32f7xx_hal_gpio.c ****   * @param  GPIO_Pin Specifies the pins to be toggled.
 427:Drivers/STM32F7xx_HAL_Driver/Src/stm32f7xx_hal_gpio.c ****   * @retval None
 428:Drivers/STM32F7xx_HAL_Driver/Src/stm32f7xx_hal_gpio.c ****   */
 429:Drivers/STM32F7xx_HAL_Driver/Src/stm32f7xx_hal_gpio.c **** void HAL_GPIO_TogglePin(GPIO_TypeDef* GPIOx, uint16_t GPIO_Pin)
 430:Drivers/STM32F7xx_HAL_Driver/Src/stm32f7xx_hal_gpio.c **** {
 672              		.loc 1 430 0
 673              		.cfi_startproc
 674              		@ args = 0, pretend = 0, frame = 0
 675              		@ frame_needed = 0, uses_anonymous_args = 0
 676              		@ link register save eliminated.
 677              	.LVL69:
 431:Drivers/STM32F7xx_HAL_Driver/Src/stm32f7xx_hal_gpio.c ****   /* Check the parameters */
 432:Drivers/STM32F7xx_HAL_Driver/Src/stm32f7xx_hal_gpio.c ****   assert_param(IS_GPIO_PIN(GPIO_Pin));
 433:Drivers/STM32F7xx_HAL_Driver/Src/stm32f7xx_hal_gpio.c **** 
 434:Drivers/STM32F7xx_HAL_Driver/Src/stm32f7xx_hal_gpio.c ****   if ((GPIOx->ODR & GPIO_Pin) == GPIO_Pin)
 678              		.loc 1 434 0
 679 0000 4369     		ldr	r3, [r0, #20]
 680 0002 31EA0303 		bics	r3, r1, r3
 681 0006 01D0     		beq	.L64
 435:Drivers/STM32F7xx_HAL_Driver/Src/stm32f7xx_hal_gpio.c ****   {
 436:Drivers/STM32F7xx_HAL_Driver/Src/stm32f7xx_hal_gpio.c ****     GPIOx->BSRR = (uint32_t)GPIO_Pin << GPIO_NUMBER;
 437:Drivers/STM32F7xx_HAL_Driver/Src/stm32f7xx_hal_gpio.c ****   }
 438:Drivers/STM32F7xx_HAL_Driver/Src/stm32f7xx_hal_gpio.c ****   else
 439:Drivers/STM32F7xx_HAL_Driver/Src/stm32f7xx_hal_gpio.c ****   {
 440:Drivers/STM32F7xx_HAL_Driver/Src/stm32f7xx_hal_gpio.c ****     GPIOx->BSRR = GPIO_Pin;
 682              		.loc 1 440 0
 683 0008 8161     		str	r1, [r0, #24]
 684 000a 7047     		bx	lr
 685              	.L64:
 436:Drivers/STM32F7xx_HAL_Driver/Src/stm32f7xx_hal_gpio.c ****   }
 686              		.loc 1 436 0
 687 000c 0904     		lsls	r1, r1, #16
 688              	.LVL70:
 689 000e 8161     		str	r1, [r0, #24]
 690 0010 7047     		bx	lr
 691              		.cfi_endproc
 692              	.LFE145:
 694              		.section	.text.HAL_GPIO_LockPin,"ax",%progbits
 695              		.align	1
 696              		.global	HAL_GPIO_LockPin
 697              		.syntax unified
 698              		.thumb
ARM GAS  /tmp/ccxM3Hlq.s 			page 22


 699              		.thumb_func
 700              		.fpu fpv5-sp-d16
 702              	HAL_GPIO_LockPin:
 703              	.LFB146:
 441:Drivers/STM32F7xx_HAL_Driver/Src/stm32f7xx_hal_gpio.c ****   }
 442:Drivers/STM32F7xx_HAL_Driver/Src/stm32f7xx_hal_gpio.c **** }
 443:Drivers/STM32F7xx_HAL_Driver/Src/stm32f7xx_hal_gpio.c **** 
 444:Drivers/STM32F7xx_HAL_Driver/Src/stm32f7xx_hal_gpio.c **** /**
 445:Drivers/STM32F7xx_HAL_Driver/Src/stm32f7xx_hal_gpio.c ****   * @brief  Locks GPIO Pins configuration registers.
 446:Drivers/STM32F7xx_HAL_Driver/Src/stm32f7xx_hal_gpio.c ****   * @note   The locked registers are GPIOx_MODER, GPIOx_OTYPER, GPIOx_OSPEEDR,
 447:Drivers/STM32F7xx_HAL_Driver/Src/stm32f7xx_hal_gpio.c ****   *         GPIOx_PUPDR, GPIOx_AFRL and GPIOx_AFRH.
 448:Drivers/STM32F7xx_HAL_Driver/Src/stm32f7xx_hal_gpio.c ****   * @note   The configuration of the locked GPIO pins can no longer be modified
 449:Drivers/STM32F7xx_HAL_Driver/Src/stm32f7xx_hal_gpio.c ****   *         until the next reset.
 450:Drivers/STM32F7xx_HAL_Driver/Src/stm32f7xx_hal_gpio.c ****   * @param  GPIOx where x can be (A..F) to select the GPIO peripheral for STM32F7 family
 451:Drivers/STM32F7xx_HAL_Driver/Src/stm32f7xx_hal_gpio.c ****   * @param  GPIO_Pin specifies the port bit to be locked.
 452:Drivers/STM32F7xx_HAL_Driver/Src/stm32f7xx_hal_gpio.c ****   *         This parameter can be any combination of GPIO_PIN_x where x can be (0..15).
 453:Drivers/STM32F7xx_HAL_Driver/Src/stm32f7xx_hal_gpio.c ****   * @retval None
 454:Drivers/STM32F7xx_HAL_Driver/Src/stm32f7xx_hal_gpio.c ****   */
 455:Drivers/STM32F7xx_HAL_Driver/Src/stm32f7xx_hal_gpio.c **** HAL_StatusTypeDef HAL_GPIO_LockPin(GPIO_TypeDef* GPIOx, uint16_t GPIO_Pin)
 456:Drivers/STM32F7xx_HAL_Driver/Src/stm32f7xx_hal_gpio.c **** {
 704              		.loc 1 456 0
 705              		.cfi_startproc
 706              		@ args = 0, pretend = 0, frame = 8
 707              		@ frame_needed = 0, uses_anonymous_args = 0
 708              		@ link register save eliminated.
 709              	.LVL71:
 710 0000 82B0     		sub	sp, sp, #8
 711              	.LCFI5:
 712              		.cfi_def_cfa_offset 8
 457:Drivers/STM32F7xx_HAL_Driver/Src/stm32f7xx_hal_gpio.c ****   __IO uint32_t tmp = GPIO_LCKR_LCKK;
 713              		.loc 1 457 0
 714 0002 4FF48033 		mov	r3, #65536
 715 0006 0193     		str	r3, [sp, #4]
 458:Drivers/STM32F7xx_HAL_Driver/Src/stm32f7xx_hal_gpio.c **** 
 459:Drivers/STM32F7xx_HAL_Driver/Src/stm32f7xx_hal_gpio.c ****   /* Check the parameters */
 460:Drivers/STM32F7xx_HAL_Driver/Src/stm32f7xx_hal_gpio.c ****   assert_param(IS_GPIO_PIN(GPIO_Pin));
 461:Drivers/STM32F7xx_HAL_Driver/Src/stm32f7xx_hal_gpio.c **** 
 462:Drivers/STM32F7xx_HAL_Driver/Src/stm32f7xx_hal_gpio.c ****   /* Apply lock key write sequence */
 463:Drivers/STM32F7xx_HAL_Driver/Src/stm32f7xx_hal_gpio.c ****   tmp |= GPIO_Pin;
 716              		.loc 1 463 0
 717 0008 019B     		ldr	r3, [sp, #4]
 718 000a 0B43     		orrs	r3, r3, r1
 719 000c 0193     		str	r3, [sp, #4]
 464:Drivers/STM32F7xx_HAL_Driver/Src/stm32f7xx_hal_gpio.c ****   /* Set LCKx bit(s): LCKK='1' + LCK[15-0] */
 465:Drivers/STM32F7xx_HAL_Driver/Src/stm32f7xx_hal_gpio.c ****   GPIOx->LCKR = tmp;
 720              		.loc 1 465 0
 721 000e 019B     		ldr	r3, [sp, #4]
 722 0010 C361     		str	r3, [r0, #28]
 466:Drivers/STM32F7xx_HAL_Driver/Src/stm32f7xx_hal_gpio.c ****   /* Reset LCKx bit(s): LCKK='0' + LCK[15-0] */
 467:Drivers/STM32F7xx_HAL_Driver/Src/stm32f7xx_hal_gpio.c ****   GPIOx->LCKR = GPIO_Pin;
 723              		.loc 1 467 0
 724 0012 C161     		str	r1, [r0, #28]
 468:Drivers/STM32F7xx_HAL_Driver/Src/stm32f7xx_hal_gpio.c ****   /* Set LCKx bit(s): LCKK='1' + LCK[15-0] */
 469:Drivers/STM32F7xx_HAL_Driver/Src/stm32f7xx_hal_gpio.c ****   GPIOx->LCKR = tmp;
 725              		.loc 1 469 0
 726 0014 019B     		ldr	r3, [sp, #4]
 727 0016 C361     		str	r3, [r0, #28]
ARM GAS  /tmp/ccxM3Hlq.s 			page 23


 470:Drivers/STM32F7xx_HAL_Driver/Src/stm32f7xx_hal_gpio.c ****   /* Read LCKK bit*/
 471:Drivers/STM32F7xx_HAL_Driver/Src/stm32f7xx_hal_gpio.c ****   tmp = GPIOx->LCKR;
 728              		.loc 1 471 0
 729 0018 C369     		ldr	r3, [r0, #28]
 730 001a 0193     		str	r3, [sp, #4]
 472:Drivers/STM32F7xx_HAL_Driver/Src/stm32f7xx_hal_gpio.c **** 
 473:Drivers/STM32F7xx_HAL_Driver/Src/stm32f7xx_hal_gpio.c ****  if((GPIOx->LCKR & GPIO_LCKR_LCKK) != RESET)
 731              		.loc 1 473 0
 732 001c C369     		ldr	r3, [r0, #28]
 733 001e 13F4803F 		tst	r3, #65536
 734 0022 02D1     		bne	.L69
 474:Drivers/STM32F7xx_HAL_Driver/Src/stm32f7xx_hal_gpio.c ****   {
 475:Drivers/STM32F7xx_HAL_Driver/Src/stm32f7xx_hal_gpio.c ****     return HAL_OK;
 476:Drivers/STM32F7xx_HAL_Driver/Src/stm32f7xx_hal_gpio.c ****   }
 477:Drivers/STM32F7xx_HAL_Driver/Src/stm32f7xx_hal_gpio.c ****   else
 478:Drivers/STM32F7xx_HAL_Driver/Src/stm32f7xx_hal_gpio.c ****   {
 479:Drivers/STM32F7xx_HAL_Driver/Src/stm32f7xx_hal_gpio.c ****     return HAL_ERROR;
 735              		.loc 1 479 0
 736 0024 0120     		movs	r0, #1
 737              	.LVL72:
 738              	.L66:
 480:Drivers/STM32F7xx_HAL_Driver/Src/stm32f7xx_hal_gpio.c ****   }
 481:Drivers/STM32F7xx_HAL_Driver/Src/stm32f7xx_hal_gpio.c **** }
 739              		.loc 1 481 0
 740 0026 02B0     		add	sp, sp, #8
 741              	.LCFI6:
 742              		.cfi_remember_state
 743              		.cfi_def_cfa_offset 0
 744              		@ sp needed
 745 0028 7047     		bx	lr
 746              	.LVL73:
 747              	.L69:
 748              	.LCFI7:
 749              		.cfi_restore_state
 475:Drivers/STM32F7xx_HAL_Driver/Src/stm32f7xx_hal_gpio.c ****   }
 750              		.loc 1 475 0
 751 002a 0020     		movs	r0, #0
 752              	.LVL74:
 753 002c FBE7     		b	.L66
 754              		.cfi_endproc
 755              	.LFE146:
 757              		.section	.text.HAL_GPIO_EXTI_Callback,"ax",%progbits
 758              		.align	1
 759              		.weak	HAL_GPIO_EXTI_Callback
 760              		.syntax unified
 761              		.thumb
 762              		.thumb_func
 763              		.fpu fpv5-sp-d16
 765              	HAL_GPIO_EXTI_Callback:
 766              	.LFB148:
 482:Drivers/STM32F7xx_HAL_Driver/Src/stm32f7xx_hal_gpio.c **** 
 483:Drivers/STM32F7xx_HAL_Driver/Src/stm32f7xx_hal_gpio.c **** /**
 484:Drivers/STM32F7xx_HAL_Driver/Src/stm32f7xx_hal_gpio.c ****   * @brief  This function handles EXTI interrupt request.
 485:Drivers/STM32F7xx_HAL_Driver/Src/stm32f7xx_hal_gpio.c ****   * @param  GPIO_Pin Specifies the pins connected EXTI line
 486:Drivers/STM32F7xx_HAL_Driver/Src/stm32f7xx_hal_gpio.c ****   * @retval None
 487:Drivers/STM32F7xx_HAL_Driver/Src/stm32f7xx_hal_gpio.c ****   */
 488:Drivers/STM32F7xx_HAL_Driver/Src/stm32f7xx_hal_gpio.c **** void HAL_GPIO_EXTI_IRQHandler(uint16_t GPIO_Pin)
ARM GAS  /tmp/ccxM3Hlq.s 			page 24


 489:Drivers/STM32F7xx_HAL_Driver/Src/stm32f7xx_hal_gpio.c **** {
 490:Drivers/STM32F7xx_HAL_Driver/Src/stm32f7xx_hal_gpio.c ****   /* EXTI line interrupt detected */
 491:Drivers/STM32F7xx_HAL_Driver/Src/stm32f7xx_hal_gpio.c ****   if(__HAL_GPIO_EXTI_GET_IT(GPIO_Pin) != RESET)
 492:Drivers/STM32F7xx_HAL_Driver/Src/stm32f7xx_hal_gpio.c ****   {
 493:Drivers/STM32F7xx_HAL_Driver/Src/stm32f7xx_hal_gpio.c ****     __HAL_GPIO_EXTI_CLEAR_IT(GPIO_Pin);
 494:Drivers/STM32F7xx_HAL_Driver/Src/stm32f7xx_hal_gpio.c ****     HAL_GPIO_EXTI_Callback(GPIO_Pin);
 495:Drivers/STM32F7xx_HAL_Driver/Src/stm32f7xx_hal_gpio.c ****   }
 496:Drivers/STM32F7xx_HAL_Driver/Src/stm32f7xx_hal_gpio.c **** }
 497:Drivers/STM32F7xx_HAL_Driver/Src/stm32f7xx_hal_gpio.c **** 
 498:Drivers/STM32F7xx_HAL_Driver/Src/stm32f7xx_hal_gpio.c **** /**
 499:Drivers/STM32F7xx_HAL_Driver/Src/stm32f7xx_hal_gpio.c ****   * @brief  EXTI line detection callbacks.
 500:Drivers/STM32F7xx_HAL_Driver/Src/stm32f7xx_hal_gpio.c ****   * @param  GPIO_Pin Specifies the pins connected EXTI line
 501:Drivers/STM32F7xx_HAL_Driver/Src/stm32f7xx_hal_gpio.c ****   * @retval None
 502:Drivers/STM32F7xx_HAL_Driver/Src/stm32f7xx_hal_gpio.c ****   */
 503:Drivers/STM32F7xx_HAL_Driver/Src/stm32f7xx_hal_gpio.c **** __weak void HAL_GPIO_EXTI_Callback(uint16_t GPIO_Pin)
 504:Drivers/STM32F7xx_HAL_Driver/Src/stm32f7xx_hal_gpio.c **** {
 767              		.loc 1 504 0
 768              		.cfi_startproc
 769              		@ args = 0, pretend = 0, frame = 0
 770              		@ frame_needed = 0, uses_anonymous_args = 0
 771              		@ link register save eliminated.
 772              	.LVL75:
 773 0000 7047     		bx	lr
 774              		.cfi_endproc
 775              	.LFE148:
 777              		.section	.text.HAL_GPIO_EXTI_IRQHandler,"ax",%progbits
 778              		.align	1
 779              		.global	HAL_GPIO_EXTI_IRQHandler
 780              		.syntax unified
 781              		.thumb
 782              		.thumb_func
 783              		.fpu fpv5-sp-d16
 785              	HAL_GPIO_EXTI_IRQHandler:
 786              	.LFB147:
 489:Drivers/STM32F7xx_HAL_Driver/Src/stm32f7xx_hal_gpio.c ****   /* EXTI line interrupt detected */
 787              		.loc 1 489 0
 788              		.cfi_startproc
 789              		@ args = 0, pretend = 0, frame = 0
 790              		@ frame_needed = 0, uses_anonymous_args = 0
 791              	.LVL76:
 489:Drivers/STM32F7xx_HAL_Driver/Src/stm32f7xx_hal_gpio.c ****   /* EXTI line interrupt detected */
 792              		.loc 1 489 0
 793 0000 08B5     		push	{r3, lr}
 794              	.LCFI8:
 795              		.cfi_def_cfa_offset 8
 796              		.cfi_offset 3, -8
 797              		.cfi_offset 14, -4
 491:Drivers/STM32F7xx_HAL_Driver/Src/stm32f7xx_hal_gpio.c ****   {
 798              		.loc 1 491 0
 799 0002 054B     		ldr	r3, .L75
 800 0004 5B69     		ldr	r3, [r3, #20]
 801 0006 0342     		tst	r3, r0
 802 0008 00D1     		bne	.L74
 803              	.LVL77:
 804              	.L71:
 805 000a 08BD     		pop	{r3, pc}
 806              	.LVL78:
ARM GAS  /tmp/ccxM3Hlq.s 			page 25


 807              	.L74:
 493:Drivers/STM32F7xx_HAL_Driver/Src/stm32f7xx_hal_gpio.c ****     HAL_GPIO_EXTI_Callback(GPIO_Pin);
 808              		.loc 1 493 0
 809 000c 024B     		ldr	r3, .L75
 810 000e 5861     		str	r0, [r3, #20]
 494:Drivers/STM32F7xx_HAL_Driver/Src/stm32f7xx_hal_gpio.c ****   }
 811              		.loc 1 494 0
 812 0010 FFF7FEFF 		bl	HAL_GPIO_EXTI_Callback
 813              	.LVL79:
 496:Drivers/STM32F7xx_HAL_Driver/Src/stm32f7xx_hal_gpio.c **** 
 814              		.loc 1 496 0
 815 0014 F9E7     		b	.L71
 816              	.L76:
 817 0016 00BF     		.align	2
 818              	.L75:
 819 0018 003C0140 		.word	1073822720
 820              		.cfi_endproc
 821              	.LFE147:
 823              		.text
 824              	.Letext0:
 825              		.file 2 "/usr/include/newlib/machine/_default_types.h"
 826              		.file 3 "/usr/include/newlib/sys/_stdint.h"
 827              		.file 4 "Drivers/CMSIS/Include/core_cm7.h"
 828              		.file 5 "Drivers/CMSIS/Device/ST/STM32F7xx/Include/system_stm32f7xx.h"
 829              		.file 6 "Drivers/CMSIS/Device/ST/STM32F7xx/Include/stm32f746xx.h"
 830              		.file 7 "Drivers/CMSIS/Device/ST/STM32F7xx/Include/stm32f7xx.h"
 831              		.file 8 "Drivers/STM32F7xx_HAL_Driver/Inc/stm32f7xx_hal_def.h"
 832              		.file 9 "Drivers/STM32F7xx_HAL_Driver/Inc/stm32f7xx_hal_gpio.h"
 833              		.file 10 "Drivers/STM32F7xx_HAL_Driver/Inc/stm32f7xx_hal.h"
ARM GAS  /tmp/ccxM3Hlq.s 			page 26


DEFINED SYMBOLS
                            *ABS*:0000000000000000 stm32f7xx_hal_gpio.c
     /tmp/ccxM3Hlq.s:18     .text.HAL_GPIO_Init:0000000000000000 $t
     /tmp/ccxM3Hlq.s:25     .text.HAL_GPIO_Init:0000000000000000 HAL_GPIO_Init
     /tmp/ccxM3Hlq.s:364    .text.HAL_GPIO_Init:00000000000001c8 $d
     /tmp/ccxM3Hlq.s:373    .text.HAL_GPIO_DeInit:0000000000000000 $t
     /tmp/ccxM3Hlq.s:380    .text.HAL_GPIO_DeInit:0000000000000000 HAL_GPIO_DeInit
     /tmp/ccxM3Hlq.s:591    .text.HAL_GPIO_DeInit:0000000000000130 $d
     /tmp/ccxM3Hlq.s:598    .text.HAL_GPIO_ReadPin:0000000000000000 $t
     /tmp/ccxM3Hlq.s:605    .text.HAL_GPIO_ReadPin:0000000000000000 HAL_GPIO_ReadPin
     /tmp/ccxM3Hlq.s:632    .text.HAL_GPIO_WritePin:0000000000000000 $t
     /tmp/ccxM3Hlq.s:639    .text.HAL_GPIO_WritePin:0000000000000000 HAL_GPIO_WritePin
     /tmp/ccxM3Hlq.s:663    .text.HAL_GPIO_TogglePin:0000000000000000 $t
     /tmp/ccxM3Hlq.s:670    .text.HAL_GPIO_TogglePin:0000000000000000 HAL_GPIO_TogglePin
     /tmp/ccxM3Hlq.s:695    .text.HAL_GPIO_LockPin:0000000000000000 $t
     /tmp/ccxM3Hlq.s:702    .text.HAL_GPIO_LockPin:0000000000000000 HAL_GPIO_LockPin
     /tmp/ccxM3Hlq.s:758    .text.HAL_GPIO_EXTI_Callback:0000000000000000 $t
     /tmp/ccxM3Hlq.s:765    .text.HAL_GPIO_EXTI_Callback:0000000000000000 HAL_GPIO_EXTI_Callback
     /tmp/ccxM3Hlq.s:778    .text.HAL_GPIO_EXTI_IRQHandler:0000000000000000 $t
     /tmp/ccxM3Hlq.s:785    .text.HAL_GPIO_EXTI_IRQHandler:0000000000000000 HAL_GPIO_EXTI_IRQHandler
     /tmp/ccxM3Hlq.s:819    .text.HAL_GPIO_EXTI_IRQHandler:0000000000000018 $d
                     .debug_frame:0000000000000010 $d

NO UNDEFINED SYMBOLS
