ARM GAS  /tmp/ccs6qM4i.s 			page 1


   1              		.cpu cortex-m7
   2              		.eabi_attribute 27, 1
   3              		.eabi_attribute 28, 1
   4              		.eabi_attribute 20, 1
   5              		.eabi_attribute 21, 1
   6              		.eabi_attribute 23, 3
   7              		.eabi_attribute 24, 1
   8              		.eabi_attribute 25, 1
   9              		.eabi_attribute 26, 1
  10              		.eabi_attribute 30, 1
  11              		.eabi_attribute 34, 1
  12              		.eabi_attribute 18, 4
  13              		.file	"stm32f7xx_hal_pcd_ex.c"
  14              		.text
  15              	.Ltext0:
  16              		.cfi_sections	.debug_frame
  17              		.section	.text.HAL_PCDEx_SetTxFiFo,"ax",%progbits
  18              		.align	1
  19              		.global	HAL_PCDEx_SetTxFiFo
  20              		.syntax unified
  21              		.thumb
  22              		.thumb_func
  23              		.fpu fpv5-sp-d16
  25              	HAL_PCDEx_SetTxFiFo:
  26              	.LFB141:
  27              		.file 1 "Drivers/STM32F7xx_HAL_Driver/Src/stm32f7xx_hal_pcd_ex.c"
   1:Drivers/STM32F7xx_HAL_Driver/Src/stm32f7xx_hal_pcd_ex.c **** /**
   2:Drivers/STM32F7xx_HAL_Driver/Src/stm32f7xx_hal_pcd_ex.c ****   ******************************************************************************
   3:Drivers/STM32F7xx_HAL_Driver/Src/stm32f7xx_hal_pcd_ex.c ****   * @file    stm32f7xx_hal_pcd_ex.c
   4:Drivers/STM32F7xx_HAL_Driver/Src/stm32f7xx_hal_pcd_ex.c ****   * @author  MCD Application Team
   5:Drivers/STM32F7xx_HAL_Driver/Src/stm32f7xx_hal_pcd_ex.c ****   * @brief   PCD Extended HAL module driver.
   6:Drivers/STM32F7xx_HAL_Driver/Src/stm32f7xx_hal_pcd_ex.c ****   *          This file provides firmware functions to manage the following
   7:Drivers/STM32F7xx_HAL_Driver/Src/stm32f7xx_hal_pcd_ex.c ****   *          functionalities of the USB Peripheral Controller:
   8:Drivers/STM32F7xx_HAL_Driver/Src/stm32f7xx_hal_pcd_ex.c ****   *           + Extended features functions
   9:Drivers/STM32F7xx_HAL_Driver/Src/stm32f7xx_hal_pcd_ex.c ****   *
  10:Drivers/STM32F7xx_HAL_Driver/Src/stm32f7xx_hal_pcd_ex.c ****   ******************************************************************************
  11:Drivers/STM32F7xx_HAL_Driver/Src/stm32f7xx_hal_pcd_ex.c ****   * @attention
  12:Drivers/STM32F7xx_HAL_Driver/Src/stm32f7xx_hal_pcd_ex.c ****   *
  13:Drivers/STM32F7xx_HAL_Driver/Src/stm32f7xx_hal_pcd_ex.c ****   * <h2><center>&copy; Copyright (c) 2017 STMicroelectronics.
  14:Drivers/STM32F7xx_HAL_Driver/Src/stm32f7xx_hal_pcd_ex.c ****   * All rights reserved.</center></h2>
  15:Drivers/STM32F7xx_HAL_Driver/Src/stm32f7xx_hal_pcd_ex.c ****   *
  16:Drivers/STM32F7xx_HAL_Driver/Src/stm32f7xx_hal_pcd_ex.c ****   * This software component is licensed by ST under BSD 3-Clause license,
  17:Drivers/STM32F7xx_HAL_Driver/Src/stm32f7xx_hal_pcd_ex.c ****   * the "License"; You may not use this file except in compliance with the
  18:Drivers/STM32F7xx_HAL_Driver/Src/stm32f7xx_hal_pcd_ex.c ****   * License. You may obtain a copy of the License at:
  19:Drivers/STM32F7xx_HAL_Driver/Src/stm32f7xx_hal_pcd_ex.c ****   *                        opensource.org/licenses/BSD-3-Clause
  20:Drivers/STM32F7xx_HAL_Driver/Src/stm32f7xx_hal_pcd_ex.c ****   *
  21:Drivers/STM32F7xx_HAL_Driver/Src/stm32f7xx_hal_pcd_ex.c ****   ******************************************************************************
  22:Drivers/STM32F7xx_HAL_Driver/Src/stm32f7xx_hal_pcd_ex.c ****   */
  23:Drivers/STM32F7xx_HAL_Driver/Src/stm32f7xx_hal_pcd_ex.c **** 
  24:Drivers/STM32F7xx_HAL_Driver/Src/stm32f7xx_hal_pcd_ex.c **** /* Includes ------------------------------------------------------------------*/
  25:Drivers/STM32F7xx_HAL_Driver/Src/stm32f7xx_hal_pcd_ex.c **** #include "stm32f7xx_hal.h"
  26:Drivers/STM32F7xx_HAL_Driver/Src/stm32f7xx_hal_pcd_ex.c **** 
  27:Drivers/STM32F7xx_HAL_Driver/Src/stm32f7xx_hal_pcd_ex.c **** /** @addtogroup STM32F7xx_HAL_Driver
  28:Drivers/STM32F7xx_HAL_Driver/Src/stm32f7xx_hal_pcd_ex.c ****   * @{
  29:Drivers/STM32F7xx_HAL_Driver/Src/stm32f7xx_hal_pcd_ex.c ****   */
  30:Drivers/STM32F7xx_HAL_Driver/Src/stm32f7xx_hal_pcd_ex.c **** 
  31:Drivers/STM32F7xx_HAL_Driver/Src/stm32f7xx_hal_pcd_ex.c **** /** @defgroup PCDEx PCDEx
ARM GAS  /tmp/ccs6qM4i.s 			page 2


  32:Drivers/STM32F7xx_HAL_Driver/Src/stm32f7xx_hal_pcd_ex.c ****   * @brief PCD Extended HAL module driver
  33:Drivers/STM32F7xx_HAL_Driver/Src/stm32f7xx_hal_pcd_ex.c ****   * @{
  34:Drivers/STM32F7xx_HAL_Driver/Src/stm32f7xx_hal_pcd_ex.c ****   */
  35:Drivers/STM32F7xx_HAL_Driver/Src/stm32f7xx_hal_pcd_ex.c **** 
  36:Drivers/STM32F7xx_HAL_Driver/Src/stm32f7xx_hal_pcd_ex.c **** #ifdef HAL_PCD_MODULE_ENABLED
  37:Drivers/STM32F7xx_HAL_Driver/Src/stm32f7xx_hal_pcd_ex.c **** 
  38:Drivers/STM32F7xx_HAL_Driver/Src/stm32f7xx_hal_pcd_ex.c **** #if defined (USB_OTG_FS) || defined (USB_OTG_HS)
  39:Drivers/STM32F7xx_HAL_Driver/Src/stm32f7xx_hal_pcd_ex.c **** /* Private types -------------------------------------------------------------*/
  40:Drivers/STM32F7xx_HAL_Driver/Src/stm32f7xx_hal_pcd_ex.c **** /* Private variables ---------------------------------------------------------*/
  41:Drivers/STM32F7xx_HAL_Driver/Src/stm32f7xx_hal_pcd_ex.c **** /* Private constants ---------------------------------------------------------*/
  42:Drivers/STM32F7xx_HAL_Driver/Src/stm32f7xx_hal_pcd_ex.c **** /* Private macros ------------------------------------------------------------*/
  43:Drivers/STM32F7xx_HAL_Driver/Src/stm32f7xx_hal_pcd_ex.c **** /* Private functions ---------------------------------------------------------*/
  44:Drivers/STM32F7xx_HAL_Driver/Src/stm32f7xx_hal_pcd_ex.c **** /* Exported functions --------------------------------------------------------*/
  45:Drivers/STM32F7xx_HAL_Driver/Src/stm32f7xx_hal_pcd_ex.c **** 
  46:Drivers/STM32F7xx_HAL_Driver/Src/stm32f7xx_hal_pcd_ex.c **** /** @defgroup PCDEx_Exported_Functions PCDEx Exported Functions
  47:Drivers/STM32F7xx_HAL_Driver/Src/stm32f7xx_hal_pcd_ex.c ****   * @{
  48:Drivers/STM32F7xx_HAL_Driver/Src/stm32f7xx_hal_pcd_ex.c ****   */
  49:Drivers/STM32F7xx_HAL_Driver/Src/stm32f7xx_hal_pcd_ex.c **** 
  50:Drivers/STM32F7xx_HAL_Driver/Src/stm32f7xx_hal_pcd_ex.c **** /** @defgroup PCDEx_Exported_Functions_Group1 Peripheral Control functions
  51:Drivers/STM32F7xx_HAL_Driver/Src/stm32f7xx_hal_pcd_ex.c ****   * @brief    PCDEx control functions
  52:Drivers/STM32F7xx_HAL_Driver/Src/stm32f7xx_hal_pcd_ex.c ****  *
  53:Drivers/STM32F7xx_HAL_Driver/Src/stm32f7xx_hal_pcd_ex.c **** @verbatim
  54:Drivers/STM32F7xx_HAL_Driver/Src/stm32f7xx_hal_pcd_ex.c ****  ===============================================================================
  55:Drivers/STM32F7xx_HAL_Driver/Src/stm32f7xx_hal_pcd_ex.c ****                  ##### Extended features functions #####
  56:Drivers/STM32F7xx_HAL_Driver/Src/stm32f7xx_hal_pcd_ex.c ****  ===============================================================================
  57:Drivers/STM32F7xx_HAL_Driver/Src/stm32f7xx_hal_pcd_ex.c ****     [..]  This section provides functions allowing to:
  58:Drivers/STM32F7xx_HAL_Driver/Src/stm32f7xx_hal_pcd_ex.c ****       (+) Update FIFO configuration
  59:Drivers/STM32F7xx_HAL_Driver/Src/stm32f7xx_hal_pcd_ex.c **** 
  60:Drivers/STM32F7xx_HAL_Driver/Src/stm32f7xx_hal_pcd_ex.c **** @endverbatim
  61:Drivers/STM32F7xx_HAL_Driver/Src/stm32f7xx_hal_pcd_ex.c ****   * @{
  62:Drivers/STM32F7xx_HAL_Driver/Src/stm32f7xx_hal_pcd_ex.c ****   */
  63:Drivers/STM32F7xx_HAL_Driver/Src/stm32f7xx_hal_pcd_ex.c **** #if defined (USB_OTG_FS) || defined (USB_OTG_HS)
  64:Drivers/STM32F7xx_HAL_Driver/Src/stm32f7xx_hal_pcd_ex.c **** /**
  65:Drivers/STM32F7xx_HAL_Driver/Src/stm32f7xx_hal_pcd_ex.c ****   * @brief  Set Tx FIFO
  66:Drivers/STM32F7xx_HAL_Driver/Src/stm32f7xx_hal_pcd_ex.c ****   * @param  hpcd PCD handle
  67:Drivers/STM32F7xx_HAL_Driver/Src/stm32f7xx_hal_pcd_ex.c ****   * @param  fifo The number of Tx fifo
  68:Drivers/STM32F7xx_HAL_Driver/Src/stm32f7xx_hal_pcd_ex.c ****   * @param  size Fifo size
  69:Drivers/STM32F7xx_HAL_Driver/Src/stm32f7xx_hal_pcd_ex.c ****   * @retval HAL status
  70:Drivers/STM32F7xx_HAL_Driver/Src/stm32f7xx_hal_pcd_ex.c ****   */
  71:Drivers/STM32F7xx_HAL_Driver/Src/stm32f7xx_hal_pcd_ex.c **** HAL_StatusTypeDef HAL_PCDEx_SetTxFiFo(PCD_HandleTypeDef *hpcd, uint8_t fifo, uint16_t size)
  72:Drivers/STM32F7xx_HAL_Driver/Src/stm32f7xx_hal_pcd_ex.c **** {
  28              		.loc 1 72 0
  29              		.cfi_startproc
  30              		@ args = 0, pretend = 0, frame = 0
  31              		@ frame_needed = 0, uses_anonymous_args = 0
  32              		@ link register save eliminated.
  33              	.LVL0:
  34 0000 30B4     		push	{r4, r5}
  35              	.LCFI0:
  36              		.cfi_def_cfa_offset 8
  37              		.cfi_offset 4, -8
  38              		.cfi_offset 5, -4
  73:Drivers/STM32F7xx_HAL_Driver/Src/stm32f7xx_hal_pcd_ex.c ****   uint8_t i;
  74:Drivers/STM32F7xx_HAL_Driver/Src/stm32f7xx_hal_pcd_ex.c ****   uint32_t Tx_Offset;
  75:Drivers/STM32F7xx_HAL_Driver/Src/stm32f7xx_hal_pcd_ex.c **** 
  76:Drivers/STM32F7xx_HAL_Driver/Src/stm32f7xx_hal_pcd_ex.c ****   /*  TXn min size = 16 words. (n  : Transmit FIFO index)
  77:Drivers/STM32F7xx_HAL_Driver/Src/stm32f7xx_hal_pcd_ex.c ****       When a TxFIFO is not used, the Configuration should be as follows:
ARM GAS  /tmp/ccs6qM4i.s 			page 3


  78:Drivers/STM32F7xx_HAL_Driver/Src/stm32f7xx_hal_pcd_ex.c ****           case 1 :  n > m    and Txn is not used    (n,m  : Transmit FIFO indexes)
  79:Drivers/STM32F7xx_HAL_Driver/Src/stm32f7xx_hal_pcd_ex.c ****          --> Txm can use the space allocated for Txn.
  80:Drivers/STM32F7xx_HAL_Driver/Src/stm32f7xx_hal_pcd_ex.c ****          case2  :  n < m    and Txn is not used    (n,m  : Transmit FIFO indexes)
  81:Drivers/STM32F7xx_HAL_Driver/Src/stm32f7xx_hal_pcd_ex.c ****          --> Txn should be configured with the minimum space of 16 words
  82:Drivers/STM32F7xx_HAL_Driver/Src/stm32f7xx_hal_pcd_ex.c ****      The FIFO is used optimally when used TxFIFOs are allocated in the top
  83:Drivers/STM32F7xx_HAL_Driver/Src/stm32f7xx_hal_pcd_ex.c ****          of the FIFO.Ex: use EP1 and EP2 as IN instead of EP1 and EP3 as IN ones.
  84:Drivers/STM32F7xx_HAL_Driver/Src/stm32f7xx_hal_pcd_ex.c ****      When DMA is used 3n * FIFO locations should be reserved for internal DMA registers */
  85:Drivers/STM32F7xx_HAL_Driver/Src/stm32f7xx_hal_pcd_ex.c **** 
  86:Drivers/STM32F7xx_HAL_Driver/Src/stm32f7xx_hal_pcd_ex.c ****   Tx_Offset = hpcd->Instance->GRXFSIZ;
  39              		.loc 1 86 0
  40 0002 0468     		ldr	r4, [r0]
  41 0004 606A     		ldr	r0, [r4, #36]
  42              	.LVL1:
  87:Drivers/STM32F7xx_HAL_Driver/Src/stm32f7xx_hal_pcd_ex.c **** 
  88:Drivers/STM32F7xx_HAL_Driver/Src/stm32f7xx_hal_pcd_ex.c ****   if (fifo == 0U)
  43              		.loc 1 88 0
  44 0006 29B1     		cbz	r1, .L7
  45 0008 0D46     		mov	r5, r1
  89:Drivers/STM32F7xx_HAL_Driver/Src/stm32f7xx_hal_pcd_ex.c ****   {
  90:Drivers/STM32F7xx_HAL_Driver/Src/stm32f7xx_hal_pcd_ex.c ****     hpcd->Instance->DIEPTXF0_HNPTXFSIZ = ((uint32_t)size << 16) | Tx_Offset;
  91:Drivers/STM32F7xx_HAL_Driver/Src/stm32f7xx_hal_pcd_ex.c ****   }
  92:Drivers/STM32F7xx_HAL_Driver/Src/stm32f7xx_hal_pcd_ex.c ****   else
  93:Drivers/STM32F7xx_HAL_Driver/Src/stm32f7xx_hal_pcd_ex.c ****   {
  94:Drivers/STM32F7xx_HAL_Driver/Src/stm32f7xx_hal_pcd_ex.c ****     Tx_Offset += (hpcd->Instance->DIEPTXF0_HNPTXFSIZ) >> 16;
  46              		.loc 1 94 0
  47 000a A36A     		ldr	r3, [r4, #40]
  48 000c 00EB1340 		add	r0, r0, r3, lsr #16
  49              	.LVL2:
  95:Drivers/STM32F7xx_HAL_Driver/Src/stm32f7xx_hal_pcd_ex.c ****     for (i = 0U; i < (fifo - 1U); i++)
  50              		.loc 1 95 0
  51 0010 0023     		movs	r3, #0
  52 0012 0CE0     		b	.L4
  53              	.LVL3:
  54              	.L7:
  90:Drivers/STM32F7xx_HAL_Driver/Src/stm32f7xx_hal_pcd_ex.c ****   }
  55              		.loc 1 90 0
  56 0014 40EA0240 		orr	r0, r0, r2, lsl #16
  57              	.LVL4:
  58 0018 A062     		str	r0, [r4, #40]
  59 001a 12E0     		b	.L3
  60              	.LVL5:
  61              	.L5:
  96:Drivers/STM32F7xx_HAL_Driver/Src/stm32f7xx_hal_pcd_ex.c ****     {
  97:Drivers/STM32F7xx_HAL_Driver/Src/stm32f7xx_hal_pcd_ex.c ****       Tx_Offset += (hpcd->Instance->DIEPTXF[i] >> 16);
  62              		.loc 1 97 0 discriminator 3
  63 001c 03F14001 		add	r1, r3, #64
  64 0020 04EB8101 		add	r1, r4, r1, lsl #2
  65 0024 4968     		ldr	r1, [r1, #4]
  66 0026 00EB1140 		add	r0, r0, r1, lsr #16
  67              	.LVL6:
  95:Drivers/STM32F7xx_HAL_Driver/Src/stm32f7xx_hal_pcd_ex.c ****     {
  68              		.loc 1 95 0 discriminator 3
  69 002a 0133     		adds	r3, r3, #1
  70              	.LVL7:
  71 002c DBB2     		uxtb	r3, r3
  72              	.LVL8:
  73              	.L4:
ARM GAS  /tmp/ccs6qM4i.s 			page 4


  95:Drivers/STM32F7xx_HAL_Driver/Src/stm32f7xx_hal_pcd_ex.c ****     {
  74              		.loc 1 95 0 is_stmt 0 discriminator 1
  75 002e 691E     		subs	r1, r5, #1
  76 0030 8B42     		cmp	r3, r1
  77 0032 F3D3     		bcc	.L5
  98:Drivers/STM32F7xx_HAL_Driver/Src/stm32f7xx_hal_pcd_ex.c ****     }
  99:Drivers/STM32F7xx_HAL_Driver/Src/stm32f7xx_hal_pcd_ex.c **** 
 100:Drivers/STM32F7xx_HAL_Driver/Src/stm32f7xx_hal_pcd_ex.c ****     /* Multiply Tx_Size by 2 to get higher performance */
 101:Drivers/STM32F7xx_HAL_Driver/Src/stm32f7xx_hal_pcd_ex.c ****     hpcd->Instance->DIEPTXF[fifo - 1U] = ((uint32_t)size << 16) | Tx_Offset;
  78              		.loc 1 101 0 is_stmt 1
  79 0034 40EA0240 		orr	r0, r0, r2, lsl #16
  80              	.LVL9:
  81 0038 05F13F01 		add	r1, r5, #63
  82 003c 04EB8101 		add	r1, r4, r1, lsl #2
  83 0040 4860     		str	r0, [r1, #4]
  84              	.LVL10:
  85              	.L3:
 102:Drivers/STM32F7xx_HAL_Driver/Src/stm32f7xx_hal_pcd_ex.c ****   }
 103:Drivers/STM32F7xx_HAL_Driver/Src/stm32f7xx_hal_pcd_ex.c **** 
 104:Drivers/STM32F7xx_HAL_Driver/Src/stm32f7xx_hal_pcd_ex.c ****   return HAL_OK;
 105:Drivers/STM32F7xx_HAL_Driver/Src/stm32f7xx_hal_pcd_ex.c **** }
  86              		.loc 1 105 0
  87 0042 0020     		movs	r0, #0
  88 0044 30BC     		pop	{r4, r5}
  89              	.LCFI1:
  90              		.cfi_restore 5
  91              		.cfi_restore 4
  92              		.cfi_def_cfa_offset 0
  93 0046 7047     		bx	lr
  94              		.cfi_endproc
  95              	.LFE141:
  97              		.section	.text.HAL_PCDEx_SetRxFiFo,"ax",%progbits
  98              		.align	1
  99              		.global	HAL_PCDEx_SetRxFiFo
 100              		.syntax unified
 101              		.thumb
 102              		.thumb_func
 103              		.fpu fpv5-sp-d16
 105              	HAL_PCDEx_SetRxFiFo:
 106              	.LFB142:
 106:Drivers/STM32F7xx_HAL_Driver/Src/stm32f7xx_hal_pcd_ex.c **** 
 107:Drivers/STM32F7xx_HAL_Driver/Src/stm32f7xx_hal_pcd_ex.c **** /**
 108:Drivers/STM32F7xx_HAL_Driver/Src/stm32f7xx_hal_pcd_ex.c ****   * @brief  Set Rx FIFO
 109:Drivers/STM32F7xx_HAL_Driver/Src/stm32f7xx_hal_pcd_ex.c ****   * @param  hpcd PCD handle
 110:Drivers/STM32F7xx_HAL_Driver/Src/stm32f7xx_hal_pcd_ex.c ****   * @param  size Size of Rx fifo
 111:Drivers/STM32F7xx_HAL_Driver/Src/stm32f7xx_hal_pcd_ex.c ****   * @retval HAL status
 112:Drivers/STM32F7xx_HAL_Driver/Src/stm32f7xx_hal_pcd_ex.c ****   */
 113:Drivers/STM32F7xx_HAL_Driver/Src/stm32f7xx_hal_pcd_ex.c **** HAL_StatusTypeDef HAL_PCDEx_SetRxFiFo(PCD_HandleTypeDef *hpcd, uint16_t size)
 114:Drivers/STM32F7xx_HAL_Driver/Src/stm32f7xx_hal_pcd_ex.c **** {
 107              		.loc 1 114 0
 108              		.cfi_startproc
 109              		@ args = 0, pretend = 0, frame = 0
 110              		@ frame_needed = 0, uses_anonymous_args = 0
 111              		@ link register save eliminated.
 112              	.LVL11:
 115:Drivers/STM32F7xx_HAL_Driver/Src/stm32f7xx_hal_pcd_ex.c ****   hpcd->Instance->GRXFSIZ = size;
 113              		.loc 1 115 0
ARM GAS  /tmp/ccs6qM4i.s 			page 5


 114 0000 0368     		ldr	r3, [r0]
 115 0002 5962     		str	r1, [r3, #36]
 116:Drivers/STM32F7xx_HAL_Driver/Src/stm32f7xx_hal_pcd_ex.c **** 
 117:Drivers/STM32F7xx_HAL_Driver/Src/stm32f7xx_hal_pcd_ex.c ****   return HAL_OK;
 118:Drivers/STM32F7xx_HAL_Driver/Src/stm32f7xx_hal_pcd_ex.c **** }
 116              		.loc 1 118 0
 117 0004 0020     		movs	r0, #0
 118              	.LVL12:
 119 0006 7047     		bx	lr
 120              		.cfi_endproc
 121              	.LFE142:
 123              		.section	.text.HAL_PCDEx_ActivateLPM,"ax",%progbits
 124              		.align	1
 125              		.global	HAL_PCDEx_ActivateLPM
 126              		.syntax unified
 127              		.thumb
 128              		.thumb_func
 129              		.fpu fpv5-sp-d16
 131              	HAL_PCDEx_ActivateLPM:
 132              	.LFB143:
 119:Drivers/STM32F7xx_HAL_Driver/Src/stm32f7xx_hal_pcd_ex.c **** 
 120:Drivers/STM32F7xx_HAL_Driver/Src/stm32f7xx_hal_pcd_ex.c **** /**
 121:Drivers/STM32F7xx_HAL_Driver/Src/stm32f7xx_hal_pcd_ex.c ****   * @brief  Activate LPM feature.
 122:Drivers/STM32F7xx_HAL_Driver/Src/stm32f7xx_hal_pcd_ex.c ****   * @param  hpcd PCD handle
 123:Drivers/STM32F7xx_HAL_Driver/Src/stm32f7xx_hal_pcd_ex.c ****   * @retval HAL status
 124:Drivers/STM32F7xx_HAL_Driver/Src/stm32f7xx_hal_pcd_ex.c ****   */
 125:Drivers/STM32F7xx_HAL_Driver/Src/stm32f7xx_hal_pcd_ex.c **** HAL_StatusTypeDef HAL_PCDEx_ActivateLPM(PCD_HandleTypeDef *hpcd)
 126:Drivers/STM32F7xx_HAL_Driver/Src/stm32f7xx_hal_pcd_ex.c **** {
 133              		.loc 1 126 0
 134              		.cfi_startproc
 135              		@ args = 0, pretend = 0, frame = 0
 136              		@ frame_needed = 0, uses_anonymous_args = 0
 137              		@ link register save eliminated.
 138              	.LVL13:
 139 0000 0246     		mov	r2, r0
 127:Drivers/STM32F7xx_HAL_Driver/Src/stm32f7xx_hal_pcd_ex.c ****   USB_OTG_GlobalTypeDef *USBx = hpcd->Instance;
 140              		.loc 1 127 0
 141 0002 0368     		ldr	r3, [r0]
 142              	.LVL14:
 128:Drivers/STM32F7xx_HAL_Driver/Src/stm32f7xx_hal_pcd_ex.c **** 
 129:Drivers/STM32F7xx_HAL_Driver/Src/stm32f7xx_hal_pcd_ex.c ****   hpcd->lpm_active = 1U;
 143              		.loc 1 129 0
 144 0004 0121     		movs	r1, #1
 145 0006 C0F8FC13 		str	r1, [r0, #1020]
 130:Drivers/STM32F7xx_HAL_Driver/Src/stm32f7xx_hal_pcd_ex.c ****   hpcd->LPM_State = LPM_L0;
 146              		.loc 1 130 0
 147 000a 0020     		movs	r0, #0
 148              	.LVL15:
 149 000c 82F8F403 		strb	r0, [r2, #1012]
 131:Drivers/STM32F7xx_HAL_Driver/Src/stm32f7xx_hal_pcd_ex.c ****   USBx->GINTMSK |= USB_OTG_GINTMSK_LPMINTM;
 150              		.loc 1 131 0
 151 0010 9A69     		ldr	r2, [r3, #24]
 152              	.LVL16:
 153 0012 42F00062 		orr	r2, r2, #134217728
 154 0016 9A61     		str	r2, [r3, #24]
 132:Drivers/STM32F7xx_HAL_Driver/Src/stm32f7xx_hal_pcd_ex.c ****   USBx->GLPMCFG |= (USB_OTG_GLPMCFG_LPMEN | USB_OTG_GLPMCFG_LPMACK | USB_OTG_GLPMCFG_ENBESL);
 155              		.loc 1 132 0
ARM GAS  /tmp/ccs6qM4i.s 			page 6


 156 0018 596D     		ldr	r1, [r3, #84]
 157 001a 024A     		ldr	r2, .L10
 158 001c 0A43     		orrs	r2, r2, r1
 159 001e 5A65     		str	r2, [r3, #84]
 133:Drivers/STM32F7xx_HAL_Driver/Src/stm32f7xx_hal_pcd_ex.c **** 
 134:Drivers/STM32F7xx_HAL_Driver/Src/stm32f7xx_hal_pcd_ex.c ****   return HAL_OK;
 135:Drivers/STM32F7xx_HAL_Driver/Src/stm32f7xx_hal_pcd_ex.c **** }
 160              		.loc 1 135 0
 161 0020 7047     		bx	lr
 162              	.L11:
 163 0022 00BF     		.align	2
 164              	.L10:
 165 0024 03000010 		.word	268435459
 166              		.cfi_endproc
 167              	.LFE143:
 169              		.section	.text.HAL_PCDEx_DeActivateLPM,"ax",%progbits
 170              		.align	1
 171              		.global	HAL_PCDEx_DeActivateLPM
 172              		.syntax unified
 173              		.thumb
 174              		.thumb_func
 175              		.fpu fpv5-sp-d16
 177              	HAL_PCDEx_DeActivateLPM:
 178              	.LFB144:
 136:Drivers/STM32F7xx_HAL_Driver/Src/stm32f7xx_hal_pcd_ex.c **** 
 137:Drivers/STM32F7xx_HAL_Driver/Src/stm32f7xx_hal_pcd_ex.c **** /**
 138:Drivers/STM32F7xx_HAL_Driver/Src/stm32f7xx_hal_pcd_ex.c ****   * @brief  Deactivate LPM feature.
 139:Drivers/STM32F7xx_HAL_Driver/Src/stm32f7xx_hal_pcd_ex.c ****   * @param  hpcd PCD handle
 140:Drivers/STM32F7xx_HAL_Driver/Src/stm32f7xx_hal_pcd_ex.c ****   * @retval HAL status
 141:Drivers/STM32F7xx_HAL_Driver/Src/stm32f7xx_hal_pcd_ex.c ****   */
 142:Drivers/STM32F7xx_HAL_Driver/Src/stm32f7xx_hal_pcd_ex.c **** HAL_StatusTypeDef HAL_PCDEx_DeActivateLPM(PCD_HandleTypeDef *hpcd)
 143:Drivers/STM32F7xx_HAL_Driver/Src/stm32f7xx_hal_pcd_ex.c **** {
 179              		.loc 1 143 0
 180              		.cfi_startproc
 181              		@ args = 0, pretend = 0, frame = 0
 182              		@ frame_needed = 0, uses_anonymous_args = 0
 183              		@ link register save eliminated.
 184              	.LVL17:
 144:Drivers/STM32F7xx_HAL_Driver/Src/stm32f7xx_hal_pcd_ex.c ****   USB_OTG_GlobalTypeDef *USBx = hpcd->Instance;
 185              		.loc 1 144 0
 186 0000 0368     		ldr	r3, [r0]
 187              	.LVL18:
 145:Drivers/STM32F7xx_HAL_Driver/Src/stm32f7xx_hal_pcd_ex.c **** 
 146:Drivers/STM32F7xx_HAL_Driver/Src/stm32f7xx_hal_pcd_ex.c ****   hpcd->lpm_active = 0U;
 188              		.loc 1 146 0
 189 0002 0021     		movs	r1, #0
 190 0004 C0F8FC13 		str	r1, [r0, #1020]
 147:Drivers/STM32F7xx_HAL_Driver/Src/stm32f7xx_hal_pcd_ex.c ****   USBx->GINTMSK &= ~USB_OTG_GINTMSK_LPMINTM;
 191              		.loc 1 147 0
 192 0008 9A69     		ldr	r2, [r3, #24]
 193 000a 22F00062 		bic	r2, r2, #134217728
 194 000e 9A61     		str	r2, [r3, #24]
 148:Drivers/STM32F7xx_HAL_Driver/Src/stm32f7xx_hal_pcd_ex.c ****   USBx->GLPMCFG &= ~(USB_OTG_GLPMCFG_LPMEN | USB_OTG_GLPMCFG_LPMACK | USB_OTG_GLPMCFG_ENBESL);
 195              		.loc 1 148 0
 196 0010 586D     		ldr	r0, [r3, #84]
 197              	.LVL19:
 198 0012 024A     		ldr	r2, .L13
ARM GAS  /tmp/ccs6qM4i.s 			page 7


 199 0014 0240     		ands	r2, r2, r0
 200 0016 5A65     		str	r2, [r3, #84]
 149:Drivers/STM32F7xx_HAL_Driver/Src/stm32f7xx_hal_pcd_ex.c **** 
 150:Drivers/STM32F7xx_HAL_Driver/Src/stm32f7xx_hal_pcd_ex.c ****   return HAL_OK;
 151:Drivers/STM32F7xx_HAL_Driver/Src/stm32f7xx_hal_pcd_ex.c **** }
 201              		.loc 1 151 0
 202 0018 0846     		mov	r0, r1
 203 001a 7047     		bx	lr
 204              	.L14:
 205              		.align	2
 206              	.L13:
 207 001c FCFFFFEF 		.word	-268435460
 208              		.cfi_endproc
 209              	.LFE144:
 211              		.section	.text.HAL_PCDEx_LPM_Callback,"ax",%progbits
 212              		.align	1
 213              		.weak	HAL_PCDEx_LPM_Callback
 214              		.syntax unified
 215              		.thumb
 216              		.thumb_func
 217              		.fpu fpv5-sp-d16
 219              	HAL_PCDEx_LPM_Callback:
 220              	.LFB145:
 152:Drivers/STM32F7xx_HAL_Driver/Src/stm32f7xx_hal_pcd_ex.c **** 
 153:Drivers/STM32F7xx_HAL_Driver/Src/stm32f7xx_hal_pcd_ex.c **** #endif /* defined (USB_OTG_FS) || defined (USB_OTG_HS) */
 154:Drivers/STM32F7xx_HAL_Driver/Src/stm32f7xx_hal_pcd_ex.c **** 
 155:Drivers/STM32F7xx_HAL_Driver/Src/stm32f7xx_hal_pcd_ex.c **** /**
 156:Drivers/STM32F7xx_HAL_Driver/Src/stm32f7xx_hal_pcd_ex.c ****   * @brief  Send LPM message to user layer callback.
 157:Drivers/STM32F7xx_HAL_Driver/Src/stm32f7xx_hal_pcd_ex.c ****   * @param  hpcd PCD handle
 158:Drivers/STM32F7xx_HAL_Driver/Src/stm32f7xx_hal_pcd_ex.c ****   * @param  msg LPM message
 159:Drivers/STM32F7xx_HAL_Driver/Src/stm32f7xx_hal_pcd_ex.c ****   * @retval HAL status
 160:Drivers/STM32F7xx_HAL_Driver/Src/stm32f7xx_hal_pcd_ex.c ****   */
 161:Drivers/STM32F7xx_HAL_Driver/Src/stm32f7xx_hal_pcd_ex.c **** __weak void HAL_PCDEx_LPM_Callback(PCD_HandleTypeDef *hpcd, PCD_LPM_MsgTypeDef msg)
 162:Drivers/STM32F7xx_HAL_Driver/Src/stm32f7xx_hal_pcd_ex.c **** {
 221              		.loc 1 162 0
 222              		.cfi_startproc
 223              		@ args = 0, pretend = 0, frame = 0
 224              		@ frame_needed = 0, uses_anonymous_args = 0
 225              		@ link register save eliminated.
 226              	.LVL20:
 227 0000 7047     		bx	lr
 228              		.cfi_endproc
 229              	.LFE145:
 231              		.section	.text.HAL_PCDEx_BCD_Callback,"ax",%progbits
 232              		.align	1
 233              		.weak	HAL_PCDEx_BCD_Callback
 234              		.syntax unified
 235              		.thumb
 236              		.thumb_func
 237              		.fpu fpv5-sp-d16
 239              	HAL_PCDEx_BCD_Callback:
 240              	.LFB146:
 163:Drivers/STM32F7xx_HAL_Driver/Src/stm32f7xx_hal_pcd_ex.c ****   /* Prevent unused argument(s) compilation warning */
 164:Drivers/STM32F7xx_HAL_Driver/Src/stm32f7xx_hal_pcd_ex.c ****   UNUSED(hpcd);
 165:Drivers/STM32F7xx_HAL_Driver/Src/stm32f7xx_hal_pcd_ex.c ****   UNUSED(msg);
 166:Drivers/STM32F7xx_HAL_Driver/Src/stm32f7xx_hal_pcd_ex.c **** 
 167:Drivers/STM32F7xx_HAL_Driver/Src/stm32f7xx_hal_pcd_ex.c ****   /* NOTE : This function should not be modified, when the callback is needed,
ARM GAS  /tmp/ccs6qM4i.s 			page 8


 168:Drivers/STM32F7xx_HAL_Driver/Src/stm32f7xx_hal_pcd_ex.c ****             the HAL_PCDEx_LPM_Callback could be implemented in the user file
 169:Drivers/STM32F7xx_HAL_Driver/Src/stm32f7xx_hal_pcd_ex.c ****    */
 170:Drivers/STM32F7xx_HAL_Driver/Src/stm32f7xx_hal_pcd_ex.c **** }
 171:Drivers/STM32F7xx_HAL_Driver/Src/stm32f7xx_hal_pcd_ex.c **** 
 172:Drivers/STM32F7xx_HAL_Driver/Src/stm32f7xx_hal_pcd_ex.c **** /**
 173:Drivers/STM32F7xx_HAL_Driver/Src/stm32f7xx_hal_pcd_ex.c ****   * @brief  Send BatteryCharging message to user layer callback.
 174:Drivers/STM32F7xx_HAL_Driver/Src/stm32f7xx_hal_pcd_ex.c ****   * @param  hpcd PCD handle
 175:Drivers/STM32F7xx_HAL_Driver/Src/stm32f7xx_hal_pcd_ex.c ****   * @param  msg LPM message
 176:Drivers/STM32F7xx_HAL_Driver/Src/stm32f7xx_hal_pcd_ex.c ****   * @retval HAL status
 177:Drivers/STM32F7xx_HAL_Driver/Src/stm32f7xx_hal_pcd_ex.c ****   */
 178:Drivers/STM32F7xx_HAL_Driver/Src/stm32f7xx_hal_pcd_ex.c **** __weak void HAL_PCDEx_BCD_Callback(PCD_HandleTypeDef *hpcd, PCD_BCD_MsgTypeDef msg)
 179:Drivers/STM32F7xx_HAL_Driver/Src/stm32f7xx_hal_pcd_ex.c **** {
 241              		.loc 1 179 0
 242              		.cfi_startproc
 243              		@ args = 0, pretend = 0, frame = 0
 244              		@ frame_needed = 0, uses_anonymous_args = 0
 245              		@ link register save eliminated.
 246              	.LVL21:
 247 0000 7047     		bx	lr
 248              		.cfi_endproc
 249              	.LFE146:
 251              		.text
 252              	.Letext0:
 253              		.file 2 "/usr/include/newlib/machine/_default_types.h"
 254              		.file 3 "/usr/include/newlib/sys/_stdint.h"
 255              		.file 4 "Drivers/CMSIS/Include/core_cm7.h"
 256              		.file 5 "Drivers/CMSIS/Device/ST/STM32F7xx/Include/system_stm32f7xx.h"
 257              		.file 6 "Drivers/CMSIS/Device/ST/STM32F7xx/Include/stm32f746xx.h"
 258              		.file 7 "Drivers/STM32F7xx_HAL_Driver/Inc/stm32f7xx_hal_def.h"
 259              		.file 8 "Drivers/STM32F7xx_HAL_Driver/Inc/stm32f7xx_ll_usb.h"
 260              		.file 9 "Drivers/STM32F7xx_HAL_Driver/Inc/stm32f7xx_hal_pcd.h"
 261              		.file 10 "Drivers/STM32F7xx_HAL_Driver/Inc/stm32f7xx_hal.h"
ARM GAS  /tmp/ccs6qM4i.s 			page 9


DEFINED SYMBOLS
                            *ABS*:0000000000000000 stm32f7xx_hal_pcd_ex.c
     /tmp/ccs6qM4i.s:18     .text.HAL_PCDEx_SetTxFiFo:0000000000000000 $t
     /tmp/ccs6qM4i.s:25     .text.HAL_PCDEx_SetTxFiFo:0000000000000000 HAL_PCDEx_SetTxFiFo
     /tmp/ccs6qM4i.s:98     .text.HAL_PCDEx_SetRxFiFo:0000000000000000 $t
     /tmp/ccs6qM4i.s:105    .text.HAL_PCDEx_SetRxFiFo:0000000000000000 HAL_PCDEx_SetRxFiFo
     /tmp/ccs6qM4i.s:124    .text.HAL_PCDEx_ActivateLPM:0000000000000000 $t
     /tmp/ccs6qM4i.s:131    .text.HAL_PCDEx_ActivateLPM:0000000000000000 HAL_PCDEx_ActivateLPM
     /tmp/ccs6qM4i.s:165    .text.HAL_PCDEx_ActivateLPM:0000000000000024 $d
     /tmp/ccs6qM4i.s:170    .text.HAL_PCDEx_DeActivateLPM:0000000000000000 $t
     /tmp/ccs6qM4i.s:177    .text.HAL_PCDEx_DeActivateLPM:0000000000000000 HAL_PCDEx_DeActivateLPM
     /tmp/ccs6qM4i.s:207    .text.HAL_PCDEx_DeActivateLPM:000000000000001c $d
     /tmp/ccs6qM4i.s:212    .text.HAL_PCDEx_LPM_Callback:0000000000000000 $t
     /tmp/ccs6qM4i.s:219    .text.HAL_PCDEx_LPM_Callback:0000000000000000 HAL_PCDEx_LPM_Callback
     /tmp/ccs6qM4i.s:232    .text.HAL_PCDEx_BCD_Callback:0000000000000000 $t
     /tmp/ccs6qM4i.s:239    .text.HAL_PCDEx_BCD_Callback:0000000000000000 HAL_PCDEx_BCD_Callback
                     .debug_frame:0000000000000010 $d

NO UNDEFINED SYMBOLS
